Using pre-set license
Built from '2021.3/staging' branch; Version is '2021.3.2f1 (d6360bedb9a0) revision 14038539'; Using compiler version '192829333'; Build Type 'Release'
OS: 'Windows 10  (10.0.19045) 64bit Core' Language: 'ko' Physical Memory: 16156 MB
BatchMode: 1, IsHumanControllingUs: 0, StartBugReporterOnCrash: 0, Is64bit: 1, IsPro: 1

COMMAND LINE ARGUMENTS:
C:\Program Files\Unity\Hub\Editor\2021.3.2f1\Editor\Unity.exe
-adb2
-batchMode
-noUpm
-name
AssetImportWorker0
-projectPath
C:/2048SHOOT/My2048SHOOT
-logFile
Logs/AssetImportWorker0.log
-srvPort
50171
Successfully changed project path to: C:/2048SHOOT/My2048SHOOT
C:/2048SHOOT/My2048SHOOT
[UnityMemory] Configuration Parameters - Can be set up in boot.config
    "memorysetup-bucket-allocator-granularity=16"
    "memorysetup-bucket-allocator-bucket-count=8"
    "memorysetup-bucket-allocator-block-size=33554432"
    "memorysetup-bucket-allocator-block-count=8"
    "memorysetup-main-allocator-block-size=16777216"
    "memorysetup-thread-allocator-block-size=16777216"
    "memorysetup-gfx-main-allocator-block-size=16777216"
    "memorysetup-gfx-thread-allocator-block-size=16777216"
    "memorysetup-cache-allocator-block-size=4194304"
    "memorysetup-typetree-allocator-block-size=2097152"
    "memorysetup-profiler-bucket-allocator-granularity=16"
    "memorysetup-profiler-bucket-allocator-bucket-count=8"
    "memorysetup-profiler-bucket-allocator-block-size=33554432"
    "memorysetup-profiler-bucket-allocator-block-count=8"
    "memorysetup-profiler-allocator-block-size=16777216"
    "memorysetup-profiler-editor-allocator-block-size=1048576"
    "memorysetup-temp-allocator-size-main=16777216"
    "memorysetup-job-temp-allocator-block-size=2097152"
    "memorysetup-job-temp-allocator-block-size-background=1048576"
    "memorysetup-job-temp-allocator-reduction-small-platforms=262144"
    "memorysetup-temp-allocator-size-background-worker=32768"
    "memorysetup-temp-allocator-size-job-worker=262144"
    "memorysetup-temp-allocator-size-preload-manager=33554432"
    "memorysetup-temp-allocator-size-nav-mesh-worker=65536"
    "memorysetup-temp-allocator-size-audio-worker=65536"
    "memorysetup-temp-allocator-size-cloud-worker=32768"
    "memorysetup-temp-allocator-size-gi-baking-worker=262144"
    "memorysetup-temp-allocator-size-gfx=262144"
Refreshing native plugins compatible for Editor in 133.52 ms, found 3 plugins.
Preloading 0 native plugins for Editor in 0.00 ms.
Initialize engine version: 2021.3.2f1 (d6360bedb9a0)
[Subsystems] Discovering subsystems at path C:/Program Files/Unity/Hub/Editor/2021.3.2f1/Editor/Data/Resources/UnitySubsystems
[Subsystems] Discovering subsystems at path C:/2048SHOOT/My2048SHOOT/Assets
GfxDevice: creating device client; threaded=0; jobified=0
Direct3D:
    Version:  Direct3D 11.0 [level 11.1]
    Renderer: Radeon RX 580 Series (ID=0x67df)
    Vendor:   ATI
    VRAM:     8170 MB
    Driver:   31.0.12029.7019
Initialize mono
Mono path[0] = 'C:/Program Files/Unity/Hub/Editor/2021.3.2f1/Editor/Data/Managed'
Mono path[1] = 'C:/Program Files/Unity/Hub/Editor/2021.3.2f1/Editor/Data/MonoBleedingEdge/lib/mono/unityjit-win32'
Mono config path = 'C:/Program Files/Unity/Hub/Editor/2021.3.2f1/Editor/Data/MonoBleedingEdge/etc'
Using monoOptions --debugger-agent=transport=dt_socket,embedding=1,server=y,suspend=n,address=127.0.0.1:56500
Begin MonoManager ReloadAssembly
Registering precompiled unity dll's ...
Register platform support module: C:/Program Files/Unity/Hub/Editor/2021.3.2f1/Editor/Data/PlaybackEngines/WindowsStandaloneSupport/UnityEditor.WindowsStandalone.Extensions.dll
Registered in 0.060791 seconds.
Native extension for WindowsStandalone target not found
Refreshing native plugins compatible for Editor in 46.28 ms, found 3 plugins.
Preloading 0 native plugins for Editor in 0.00 ms.
Mono: successfully reloaded assembly
- Completed reload, in  3.020 seconds
Domain Reload Profiling:
	ReloadAssembly (3021ms)
		BeginReloadAssembly (2403ms)
			ExecutionOrderSort (0ms)
			DisableScriptedObjects (0ms)
			BackupInstance (0ms)
			ReleaseScriptingObjects (0ms)
			CreateAndSetChildDomain (1ms)
		EndReloadAssembly (422ms)
			LoadAssemblies (2401ms)
			RebuildTransferFunctionScriptingTraits (0ms)
			SetupTypeCache (191ms)
			ReleaseScriptCaches (0ms)
			RebuildScriptCaches (18ms)
			SetupLoadedEditorAssemblies (176ms)
				LogAssemblyErrors (0ms)
				InitializePlatformSupportModulesInManaged (6ms)
				SetLoadedEditorAssemblies (0ms)
				RefreshPlugins (46ms)
				BeforeProcessingInitializeOnLoad (1ms)
				ProcessInitializeOnLoadAttributes (85ms)
				ProcessInitializeOnLoadMethodAttributes (38ms)
				AfterProcessingInitializeOnLoad (0ms)
				EditorAssembliesLoaded (0ms)
			ExecutionOrderSort2 (0ms)
			AwakeInstancesAfterBackupRestoration (0ms)
Platform modules already initialized, skipping
Registering precompiled user dll's ...
Registered in 0.764460 seconds.
Begin MonoManager ReloadAssembly
Symbol file LoadedFromMemory doesn't match image C:\2048SHOOT\My2048SHOOT\Library\PackageCache\com.unity.visualscripting@1.7.6\Editor\VisualScripting.Core\Dependencies\YamlDotNet\Unity.VisualScripting.YamlDotNet.dll
Symbol file LoadedFromMemory doesn't match image C:\2048SHOOT\My2048SHOOT\Library\PackageCache\com.unity.visualscripting@1.7.6\Editor\VisualScripting.Core\Dependencies\DotNetZip\Unity.VisualScripting.IonicZip.dll
Native extension for WindowsStandalone target not found
Refreshing native plugins compatible for Editor in 0.40 ms, found 3 plugins.
Preloading 0 native plugins for Editor in 0.00 ms.
Mono: successfully reloaded assembly
- Completed reload, in  3.319 seconds
Domain Reload Profiling:
	ReloadAssembly (3319ms)
		BeginReloadAssembly (97ms)
			ExecutionOrderSort (0ms)
			DisableScriptedObjects (4ms)
			BackupInstance (0ms)
			ReleaseScriptingObjects (0ms)
			CreateAndSetChildDomain (16ms)
		EndReloadAssembly (3090ms)
			LoadAssemblies (1893ms)
			RebuildTransferFunctionScriptingTraits (0ms)
			SetupTypeCache (226ms)
			ReleaseScriptCaches (0ms)
			RebuildScriptCaches (35ms)
			SetupLoadedEditorAssemblies (917ms)
				LogAssemblyErrors (0ms)
				InitializePlatformSupportModulesInManaged (4ms)
				SetLoadedEditorAssemblies (0ms)
				RefreshPlugins (0ms)
				BeforeProcessingInitializeOnLoad (60ms)
				ProcessInitializeOnLoadAttributes (172ms)
				ProcessInitializeOnLoadMethodAttributes (674ms)
				AfterProcessingInitializeOnLoad (6ms)
				EditorAssembliesLoaded (0ms)
			ExecutionOrderSort2 (0ms)
			AwakeInstancesAfterBackupRestoration (9ms)
Platform modules already initialized, skipping
========================================================================
Worker process is ready to serve import requests
Launched and connected shader compiler UnityShaderCompiler.exe after 0.05 seconds
Refreshing native plugins compatible for Editor in 0.40 ms, found 3 plugins.
Preloading 0 native plugins for Editor in 0.00 ms.
Unloading 3377 Unused Serialized files (Serialized files now loaded: 0)
Unloading 24 unused Assets / (55.7 KB). Loaded Objects now: 3840.
Memory consumption went from 118.4 MB to 118.3 MB.
Total: 2.290500 ms (FindLiveObjects: 0.190300 ms CreateObjectMapping: 0.101200 ms MarkObjects: 1.932000 ms  DeleteObjects: 0.066200 ms)

AssetImportParameters requested are different than current active one (requested -> active):
  custom:video-decoder-ogg-theora: a1e56fd34408186e4bbccfd4996cb3dc -> 
  custom:container-muxer-webm: aa71ff27fc2769a1b78a27578f13a17b -> 
  custom:container-demuxer-webm: 4f35f7cbe854078d1ac9338744f61a02 -> 
  custom:video-encoder-webm-vp8: eb34c28f22e8b96e1ab97ce403110664 -> 
  custom:audio-encoder-webm-vorbis: bf7c407c2cedff20999df2af8eb42d56 -> 
  custom:framework-win-MediaFoundation: 216162199b28c13a410421893ffa2e32 -> 
  custom:container-demuxer-ogg: 62fdf1f143b41e24485cea50d1cbac27 -> 
  custom:video-decoder-webm-vp8: 9c59270c3fd7afecdb556c50c9e8de78 -> 
  custom:audio-decoder-ogg-vorbis: bf7c407c2cedff20999df2af8eb42d56 -> 
========================================================================
Received Import Request.
  Time since last request: 85454.124716 seconds.
  path: Assets/Prefeb/2.prefab
  artifactKey: Guid(9a16ba5de5be66f40ad3b51169e70ba7) Importer(815301076,1909f56bfc062723c751e8b465ee728b)
Start importing Assets/Prefeb/2.prefab using Guid(9a16ba5de5be66f40ad3b51169e70ba7) Importer(815301076,1909f56bfc062723c751e8b465ee728b)  -> (artifact id: '145ea41f27b64ed29b90997642ee9873') in 0.114521 seconds 
========================================================================
Received Import Request.
  Time since last request: 0.000018 seconds.
  path: Assets/Material/New Material 3.mat
  artifactKey: Guid(16395e06b2956aa4d91a9aa7b8bde3fd) Importer(815301076,1909f56bfc062723c751e8b465ee728b)
Start importing Assets/Material/New Material 3.mat using Guid(16395e06b2956aa4d91a9aa7b8bde3fd) Importer(815301076,1909f56bfc062723c751e8b465ee728b)  -> (artifact id: 'bd4ded3e10c6697e28d68b0cb1711229') in 0.027581 seconds 
========================================================================
Received Import Request.
  Time since last request: 0.000021 seconds.
  path: Assets/Material/New Material 2.mat
  artifactKey: Guid(c1e8c09134c3b2e43a9567517c6a7484) Importer(815301076,1909f56bfc062723c751e8b465ee728b)
Start importing Assets/Material/New Material 2.mat using Guid(c1e8c09134c3b2e43a9567517c6a7484) Importer(815301076,1909f56bfc062723c751e8b465ee728b)  -> (artifact id: '87dcedc8383f85ff4e495da29a9f9062') in 0.013639 seconds 
========================================================================
Received Import Request.
  Time since last request: 16.269087 seconds.
  path: Assets/Prefeb/2.prefab
  artifactKey: Guid(9a16ba5de5be66f40ad3b51169e70ba7) Importer(815301076,1909f56bfc062723c751e8b465ee728b)
Start importing Assets/Prefeb/2.prefab using Guid(9a16ba5de5be66f40ad3b51169e70ba7) Importer(815301076,1909f56bfc062723c751e8b465ee728b)  -> (artifact id: '05f928479af069d6ad04927ca91ad617') in 0.006967 seconds 
========================================================================
Received Prepare
Registering precompiled user dll's ...
Registered in 0.004475 seconds.
Begin MonoManager ReloadAssembly
Symbol file LoadedFromMemory doesn't match image C:\2048SHOOT\My2048SHOOT\Library\PackageCache\com.unity.visualscripting@1.7.6\Editor\VisualScripting.Core\Dependencies\YamlDotNet\Unity.VisualScripting.YamlDotNet.dll
Symbol file LoadedFromMemory doesn't match image C:\2048SHOOT\My2048SHOOT\Library\PackageCache\com.unity.visualscripting@1.7.6\Editor\VisualScripting.Core\Dependencies\DotNetZip\Unity.VisualScripting.IonicZip.dll
Native extension for WindowsStandalone target not found
Refreshing native plugins compatible for Editor in 0.45 ms, found 3 plugins.
Preloading 0 native plugins for Editor in 0.00 ms.
Mono: successfully reloaded assembly
- Completed reload, in  0.692 seconds
Domain Reload Profiling:
	ReloadAssembly (692ms)
		BeginReloadAssembly (101ms)
			ExecutionOrderSort (0ms)
			DisableScriptedObjects (2ms)
			BackupInstance (0ms)
			ReleaseScriptingObjects (0ms)
			CreateAndSetChildDomain (28ms)
		EndReloadAssembly (522ms)
			LoadAssemblies (61ms)
			RebuildTransferFunctionScriptingTraits (0ms)
			SetupTypeCache (173ms)
			ReleaseScriptCaches (1ms)
			RebuildScriptCaches (25ms)
			SetupLoadedEditorAssemblies (234ms)
				LogAssemblyErrors (0ms)
				InitializePlatformSupportModulesInManaged (10ms)
				SetLoadedEditorAssemblies (0ms)
				RefreshPlugins (1ms)
				BeforeProcessingInitializeOnLoad (46ms)
				ProcessInitializeOnLoadAttributes (149ms)
				ProcessInitializeOnLoadMethodAttributes (21ms)
				AfterProcessingInitializeOnLoad (7ms)
				EditorAssembliesLoaded (0ms)
			ExecutionOrderSort2 (0ms)
			AwakeInstancesAfterBackupRestoration (10ms)
Platform modules already initialized, skipping
Refreshing native plugins compatible for Editor in 1.35 ms, found 3 plugins.
Preloading 0 native plugins for Editor in 0.00 ms.
Unloading 3357 Unused Serialized files (Serialized files now loaded: 0)
Unloading 17 unused Assets / (24.7 KB). Loaded Objects now: 3883.
Memory consumption went from 121.4 MB to 121.3 MB.
Total: 2.035800 ms (FindLiveObjects: 0.172200 ms CreateObjectMapping: 0.080300 ms MarkObjects: 1.766800 ms  DeleteObjects: 0.015800 ms)

AssetImportParameters requested are different than current active one (requested -> active):
  custom:video-decoder-ogg-theora: a1e56fd34408186e4bbccfd4996cb3dc -> 
  custom:container-muxer-webm: aa71ff27fc2769a1b78a27578f13a17b -> 
  custom:container-demuxer-webm: 4f35f7cbe854078d1ac9338744f61a02 -> 
  custom:video-encoder-webm-vp8: eb34c28f22e8b96e1ab97ce403110664 -> 
  custom:audio-encoder-webm-vorbis: bf7c407c2cedff20999df2af8eb42d56 -> 
  custom:framework-win-MediaFoundation: 216162199b28c13a410421893ffa2e32 -> 
  custom:container-demuxer-ogg: 62fdf1f143b41e24485cea50d1cbac27 -> 
  custom:video-decoder-webm-vp8: 9c59270c3fd7afecdb556c50c9e8de78 -> 
  custom:audio-decoder-ogg-vorbis: bf7c407c2cedff20999df2af8eb42d56 -> 
========================================================================
Received Prepare
Registering precompiled user dll's ...
Registered in 0.004356 seconds.
Begin MonoManager ReloadAssembly
Symbol file LoadedFromMemory doesn't match image C:\2048SHOOT\My2048SHOOT\Library\PackageCache\com.unity.visualscripting@1.7.6\Editor\VisualScripting.Core\Dependencies\YamlDotNet\Unity.VisualScripting.YamlDotNet.dll
Symbol file LoadedFromMemory doesn't match image C:\2048SHOOT\My2048SHOOT\Library\PackageCache\com.unity.visualscripting@1.7.6\Editor\VisualScripting.Core\Dependencies\DotNetZip\Unity.VisualScripting.IonicZip.dll
Native extension for WindowsStandalone target not found
Refreshing native plugins compatible for Editor in 0.48 ms, found 3 plugins.
Preloading 0 native plugins for Editor in 0.00 ms.
Mono: successfully reloaded assembly
- Completed reload, in  0.713 seconds
Domain Reload Profiling:
	ReloadAssembly (713ms)
		BeginReloadAssembly (103ms)
			ExecutionOrderSort (0ms)
			DisableScriptedObjects (3ms)
			BackupInstance (0ms)
			ReleaseScriptingObjects (0ms)
			CreateAndSetChildDomain (25ms)
		EndReloadAssembly (536ms)
			LoadAssemblies (67ms)
			RebuildTransferFunctionScriptingTraits (0ms)
			SetupTypeCache (165ms)
			ReleaseScriptCaches (1ms)
			RebuildScriptCaches (27ms)
			SetupLoadedEditorAssemblies (247ms)
				LogAssemblyErrors (0ms)
				InitializePlatformSupportModulesInManaged (10ms)
				SetLoadedEditorAssemblies (0ms)
				RefreshPlugins (1ms)
				BeforeProcessingInitializeOnLoad (48ms)
				ProcessInitializeOnLoadAttributes (158ms)
				ProcessInitializeOnLoadMethodAttributes (23ms)
				AfterProcessingInitializeOnLoad (7ms)
				EditorAssembliesLoaded (0ms)
			ExecutionOrderSort2 (0ms)
			AwakeInstancesAfterBackupRestoration (10ms)
Platform modules already initialized, skipping
Refreshing native plugins compatible for Editor in 1.39 ms, found 3 plugins.
Preloading 0 native plugins for Editor in 0.00 ms.
Unloading 3357 Unused Serialized files (Serialized files now loaded: 0)
Unloading 17 unused Assets / (24.7 KB). Loaded Objects now: 3886.
Memory consumption went from 121.4 MB to 121.4 MB.
Total: 2.195300 ms (FindLiveObjects: 0.190800 ms CreateObjectMapping: 0.086900 ms MarkObjects: 1.900700 ms  DeleteObjects: 0.015800 ms)

AssetImportParameters requested are different than current active one (requested -> active):
  custom:video-decoder-ogg-theora: a1e56fd34408186e4bbccfd4996cb3dc -> 
  custom:container-muxer-webm: aa71ff27fc2769a1b78a27578f13a17b -> 
  custom:container-demuxer-webm: 4f35f7cbe854078d1ac9338744f61a02 -> 
  custom:video-encoder-webm-vp8: eb34c28f22e8b96e1ab97ce403110664 -> 
  custom:audio-encoder-webm-vorbis: bf7c407c2cedff20999df2af8eb42d56 -> 
  custom:framework-win-MediaFoundation: 216162199b28c13a410421893ffa2e32 -> 
  custom:container-demuxer-ogg: 62fdf1f143b41e24485cea50d1cbac27 -> 
  custom:video-decoder-webm-vp8: 9c59270c3fd7afecdb556c50c9e8de78 -> 
  custom:audio-decoder-ogg-vorbis: bf7c407c2cedff20999df2af8eb42d56 -> 
========================================================================
Received Import Request.
  Time since last request: 58.297551 seconds.
  path: Assets/Script/Shoot.cs
  artifactKey: Guid(2a06a6c970e349e44b9b3b8ce6b5920b) Importer(815301076,1909f56bfc062723c751e8b465ee728b)
Start importing Assets/Script/Shoot.cs using Guid(2a06a6c970e349e44b9b3b8ce6b5920b) Importer(815301076,1909f56bfc062723c751e8b465ee728b)  -> (artifact id: '8c4053ad181bd8e981fab9f2bef88343') in 0.016589 seconds 
========================================================================
Received Prepare
Registering precompiled user dll's ...
Registered in 0.003906 seconds.
Begin MonoManager ReloadAssembly
Symbol file LoadedFromMemory doesn't match image C:\2048SHOOT\My2048SHOOT\Library\PackageCache\com.unity.visualscripting@1.7.6\Editor\VisualScripting.Core\Dependencies\YamlDotNet\Unity.VisualScripting.YamlDotNet.dll
Symbol file LoadedFromMemory doesn't match image C:\2048SHOOT\My2048SHOOT\Library\PackageCache\com.unity.visualscripting@1.7.6\Editor\VisualScripting.Core\Dependencies\DotNetZip\Unity.VisualScripting.IonicZip.dll
Native extension for WindowsStandalone target not found
Refreshing native plugins compatible for Editor in 0.44 ms, found 3 plugins.
Preloading 0 native plugins for Editor in 0.00 ms.
Mono: successfully reloaded assembly
- Completed reload, in  0.742 seconds
Domain Reload Profiling:
	ReloadAssembly (742ms)
		BeginReloadAssembly (104ms)
			ExecutionOrderSort (0ms)
			DisableScriptedObjects (4ms)
			BackupInstance (0ms)
			ReleaseScriptingObjects (0ms)
			CreateAndSetChildDomain (26ms)
		EndReloadAssembly (564ms)
			LoadAssemblies (69ms)
			RebuildTransferFunctionScriptingTraits (0ms)
			SetupTypeCache (180ms)
			ReleaseScriptCaches (1ms)
			RebuildScriptCaches (33ms)
			SetupLoadedEditorAssemblies (248ms)
				LogAssemblyErrors (0ms)
				InitializePlatformSupportModulesInManaged (11ms)
				SetLoadedEditorAssemblies (0ms)
				RefreshPlugins (1ms)
				BeforeProcessingInitializeOnLoad (51ms)
				ProcessInitializeOnLoadAttributes (159ms)
				ProcessInitializeOnLoadMethodAttributes (18ms)
				AfterProcessingInitializeOnLoad (7ms)
				EditorAssembliesLoaded (0ms)
			ExecutionOrderSort2 (0ms)
			AwakeInstancesAfterBackupRestoration (9ms)
Platform modules already initialized, skipping
Refreshing native plugins compatible for Editor in 1.38 ms, found 3 plugins.
Preloading 0 native plugins for Editor in 0.00 ms.
Unloading 3357 Unused Serialized files (Serialized files now loaded: 0)
Unloading 17 unused Assets / (24.7 KB). Loaded Objects now: 3889.
Memory consumption went from 121.4 MB to 121.4 MB.
Total: 2.041200 ms (FindLiveObjects: 0.178200 ms CreateObjectMapping: 0.084300 ms MarkObjects: 1.761800 ms  DeleteObjects: 0.015900 ms)

AssetImportParameters requested are different than current active one (requested -> active):
  custom:video-decoder-ogg-theora: a1e56fd34408186e4bbccfd4996cb3dc -> 
  custom:container-muxer-webm: aa71ff27fc2769a1b78a27578f13a17b -> 
  custom:container-demuxer-webm: 4f35f7cbe854078d1ac9338744f61a02 -> 
  custom:video-encoder-webm-vp8: eb34c28f22e8b96e1ab97ce403110664 -> 
  custom:audio-encoder-webm-vorbis: bf7c407c2cedff20999df2af8eb42d56 -> 
  custom:framework-win-MediaFoundation: 216162199b28c13a410421893ffa2e32 -> 
  custom:container-demuxer-ogg: 62fdf1f143b41e24485cea50d1cbac27 -> 
  custom:video-decoder-webm-vp8: 9c59270c3fd7afecdb556c50c9e8de78 -> 
  custom:audio-decoder-ogg-vorbis: bf7c407c2cedff20999df2af8eb42d56 -> 
========================================================================
Received Prepare
Registering precompiled user dll's ...
Registered in 0.004426 seconds.
Begin MonoManager ReloadAssembly
Symbol file LoadedFromMemory doesn't match image C:\2048SHOOT\My2048SHOOT\Library\PackageCache\com.unity.visualscripting@1.7.6\Editor\VisualScripting.Core\Dependencies\YamlDotNet\Unity.VisualScripting.YamlDotNet.dll
Symbol file LoadedFromMemory doesn't match image C:\2048SHOOT\My2048SHOOT\Library\PackageCache\com.unity.visualscripting@1.7.6\Editor\VisualScripting.Core\Dependencies\DotNetZip\Unity.VisualScripting.IonicZip.dll
Native extension for WindowsStandalone target not found
Refreshing native plugins compatible for Editor in 0.40 ms, found 3 plugins.
Preloading 0 native plugins for Editor in 0.00 ms.
Mono: successfully reloaded assembly
- Completed reload, in  0.757 seconds
Domain Reload Profiling:
	ReloadAssembly (757ms)
		BeginReloadAssembly (123ms)
			ExecutionOrderSort (0ms)
			DisableScriptedObjects (6ms)
			BackupInstance (0ms)
			ReleaseScriptingObjects (0ms)
			CreateAndSetChildDomain (28ms)
		EndReloadAssembly (560ms)
			LoadAssemblies (79ms)
			RebuildTransferFunctionScriptingTraits (0ms)
			SetupTypeCache (176ms)
			ReleaseScriptCaches (1ms)
			RebuildScriptCaches (29ms)
			SetupLoadedEditorAssemblies (250ms)
				LogAssemblyErrors (0ms)
				InitializePlatformSupportModulesInManaged (11ms)
				SetLoadedEditorAssemblies (0ms)
				RefreshPlugins (0ms)
				BeforeProcessingInitializeOnLoad (51ms)
				ProcessInitializeOnLoadAttributes (159ms)
				ProcessInitializeOnLoadMethodAttributes (21ms)
				AfterProcessingInitializeOnLoad (7ms)
				EditorAssembliesLoaded (0ms)
			ExecutionOrderSort2 (0ms)
			AwakeInstancesAfterBackupRestoration (11ms)
Platform modules already initialized, skipping
Refreshing native plugins compatible for Editor in 1.42 ms, found 3 plugins.
Preloading 0 native plugins for Editor in 0.00 ms.
Unloading 3357 Unused Serialized files (Serialized files now loaded: 0)
Unloading 17 unused Assets / (24.6 KB). Loaded Objects now: 3892.
Memory consumption went from 121.4 MB to 121.4 MB.
Total: 2.092900 ms (FindLiveObjects: 0.182400 ms CreateObjectMapping: 0.083800 ms MarkObjects: 1.809800 ms  DeleteObjects: 0.016000 ms)

AssetImportParameters requested are different than current active one (requested -> active):
  custom:video-decoder-ogg-theora: a1e56fd34408186e4bbccfd4996cb3dc -> 
  custom:container-muxer-webm: aa71ff27fc2769a1b78a27578f13a17b -> 
  custom:container-demuxer-webm: 4f35f7cbe854078d1ac9338744f61a02 -> 
  custom:video-encoder-webm-vp8: eb34c28f22e8b96e1ab97ce403110664 -> 
  custom:audio-encoder-webm-vorbis: bf7c407c2cedff20999df2af8eb42d56 -> 
  custom:framework-win-MediaFoundation: 216162199b28c13a410421893ffa2e32 -> 
  custom:container-demuxer-ogg: 62fdf1f143b41e24485cea50d1cbac27 -> 
  custom:video-decoder-webm-vp8: 9c59270c3fd7afecdb556c50c9e8de78 -> 
  custom:audio-decoder-ogg-vorbis: bf7c407c2cedff20999df2af8eb42d56 -> 
========================================================================
Received Import Request.
  Time since last request: 96.445019 seconds.
  path: Assets/Material/4.mat
  artifactKey: Guid(eab21d4377dd3b542b96b13adad2ef2a) Importer(815301076,1909f56bfc062723c751e8b465ee728b)
Start importing Assets/Material/4.mat using Guid(eab21d4377dd3b542b96b13adad2ef2a) Importer(815301076,1909f56bfc062723c751e8b465ee728b)  -> (artifact id: '5fc3a3eaa1ee29b864daffecf1c7a1bc') in 0.057032 seconds 
========================================================================
Received Import Request.
  Time since last request: 2.854879 seconds.
  path: Assets/Material/8.mat
  artifactKey: Guid(c1e8c09134c3b2e43a9567517c6a7484) Importer(815301076,1909f56bfc062723c751e8b465ee728b)
Start importing Assets/Material/8.mat using Guid(c1e8c09134c3b2e43a9567517c6a7484) Importer(815301076,1909f56bfc062723c751e8b465ee728b)  -> (artifact id: '32e2a03d08bcc23130efa73d5f1af9d9') in 0.016369 seconds 
========================================================================
Received Import Request.
  Time since last request: 5.218434 seconds.
  path: Assets/Material/Back.mat
  artifactKey: Guid(c1e8c09134c3b2e43a9567517c6a7484) Importer(815301076,1909f56bfc062723c751e8b465ee728b)
Start importing Assets/Material/Back.mat using Guid(c1e8c09134c3b2e43a9567517c6a7484) Importer(815301076,1909f56bfc062723c751e8b465ee728b)  -> (artifact id: '6b867fbc113fa878c5c87e7acd3d0037') in 0.016302 seconds 
========================================================================
Received Import Request.
  Time since last request: 12.255291 seconds.
  path: Assets/Material/cannon.mat
  artifactKey: Guid(eab21d4377dd3b542b96b13adad2ef2a) Importer(815301076,1909f56bfc062723c751e8b465ee728b)
Start importing Assets/Material/cannon.mat using Guid(eab21d4377dd3b542b96b13adad2ef2a) Importer(815301076,1909f56bfc062723c751e8b465ee728b)  -> (artifact id: '1d3239d0f8ea05329ad9448b7f8b56a8') in 0.016204 seconds 
========================================================================
Received Import Request.
  Time since last request: 1.026080 seconds.
  path: Assets/Material
  artifactKey: Guid(08203f996346a8f4e9e5d9159e4b8c78) Importer(815301076,1909f56bfc062723c751e8b465ee728b)
Start importing Assets/Material using Guid(08203f996346a8f4e9e5d9159e4b8c78) Importer(815301076,1909f56bfc062723c751e8b465ee728b)  -> (artifact id: '7192235a819f30d8f9887cd85d8d7a15') in 0.004566 seconds 
========================================================================
Received Import Request.
  Time since last request: 3.149439 seconds.
  path: Assets/Material/New Folder
  artifactKey: Guid(1036bd20a681263409f4fba6707cfbdd) Importer(815301076,1909f56bfc062723c751e8b465ee728b)
Start importing Assets/Material/New Folder using Guid(1036bd20a681263409f4fba6707cfbdd) Importer(815301076,1909f56bfc062723c751e8b465ee728b)  -> (artifact id: '9aa46cfefb4bf017d955a58bec720547') in 0.004506 seconds 
========================================================================
Received Import Request.
  Time since last request: 3.653166 seconds.
  path: Assets/Material/Cube
  artifactKey: Guid(1036bd20a681263409f4fba6707cfbdd) Importer(815301076,1909f56bfc062723c751e8b465ee728b)
Start importing Assets/Material/Cube using Guid(1036bd20a681263409f4fba6707cfbdd) Importer(815301076,1909f56bfc062723c751e8b465ee728b)  -> (artifact id: '44cdfaeff2c04bd825a6b37c08eeace4') in 0.004537 seconds 
========================================================================
Received Import Request.
  Time since last request: 2.469694 seconds.
  path: Assets/Material/Cube/2 1.mat
  artifactKey: Guid(39e90d7bdcb89184fac0bb63f3419cd7) Importer(815301076,1909f56bfc062723c751e8b465ee728b)
Start importing Assets/Material/Cube/2 1.mat using Guid(39e90d7bdcb89184fac0bb63f3419cd7) Importer(815301076,1909f56bfc062723c751e8b465ee728b)  -> (artifact id: '4360b2244a278850970a308911c44455') in 0.017014 seconds 
========================================================================
Received Import Request.
  Time since last request: 0.359908 seconds.
  path: Assets/Material/Cube/2 2.mat
  artifactKey: Guid(c28a3217c3edd27479950e5810da4e85) Importer(815301076,1909f56bfc062723c751e8b465ee728b)
Start importing Assets/Material/Cube/2 2.mat using Guid(c28a3217c3edd27479950e5810da4e85) Importer(815301076,1909f56bfc062723c751e8b465ee728b)  -> (artifact id: '28bee3601f24b5092192f8a17ce9145d') in 0.017095 seconds 
========================================================================
Received Import Request.
  Time since last request: 0.206073 seconds.
  path: Assets/Material/Cube/2 3.mat
  artifactKey: Guid(52aa4e65133e6864f95fac42109b20b2) Importer(815301076,1909f56bfc062723c751e8b465ee728b)
Start importing Assets/Material/Cube/2 3.mat using Guid(52aa4e65133e6864f95fac42109b20b2) Importer(815301076,1909f56bfc062723c751e8b465ee728b)  -> (artifact id: 'eafc1e95dae751e17c3e4ec10c1cae37') in 0.018017 seconds 
========================================================================
Received Import Request.
  Time since last request: 0.142728 seconds.
  path: Assets/Material/Cube/2 4.mat
  artifactKey: Guid(68dd378f964d3e94d9bac1d302770023) Importer(815301076,1909f56bfc062723c751e8b465ee728b)
Start importing Assets/Material/Cube/2 4.mat using Guid(68dd378f964d3e94d9bac1d302770023) Importer(815301076,1909f56bfc062723c751e8b465ee728b)  -> (artifact id: 'cdeb568ef875cca483965cbf2cc74fa0') in 0.016676 seconds 
========================================================================
Received Import Request.
  Time since last request: 0.130478 seconds.
  path: Assets/Material/Cube/2 5.mat
  artifactKey: Guid(35f2f9d56cc4d9a4b92da911b1bade26) Importer(815301076,1909f56bfc062723c751e8b465ee728b)
Start importing Assets/Material/Cube/2 5.mat using Guid(35f2f9d56cc4d9a4b92da911b1bade26) Importer(815301076,1909f56bfc062723c751e8b465ee728b)  -> (artifact id: '070f173fb7b01d0b815d9025941f871f') in 0.010055 seconds 
========================================================================
Received Import Request.
  Time since last request: 0.153195 seconds.
  path: Assets/Material/Cube/2 6.mat
  artifactKey: Guid(048e40eebb15cb24286ed5a2e446a30c) Importer(815301076,1909f56bfc062723c751e8b465ee728b)
Start importing Assets/Material/Cube/2 6.mat using Guid(048e40eebb15cb24286ed5a2e446a30c) Importer(815301076,1909f56bfc062723c751e8b465ee728b)  -> (artifact id: '5ba1143c703cdc2d3845e56429d04408') in 0.016449 seconds 
========================================================================
Received Import Request.
  Time since last request: 0.143602 seconds.
  path: Assets/Material/Cube/2 7.mat
  artifactKey: Guid(41826011c6f004540a20345f98e0a49e) Importer(815301076,1909f56bfc062723c751e8b465ee728b)
Start importing Assets/Material/Cube/2 7.mat using Guid(41826011c6f004540a20345f98e0a49e) Importer(815301076,1909f56bfc062723c751e8b465ee728b)  -> (artifact id: 'b5e8eb23ea8f79f3bbfd7abd9a66ff32') in 0.017785 seconds 
========================================================================
Received Import Request.
  Time since last request: 23.767294 seconds.
  path: Assets/Material/Cube/4.mat
  artifactKey: Guid(39e90d7bdcb89184fac0bb63f3419cd7) Importer(815301076,1909f56bfc062723c751e8b465ee728b)
Start importing Assets/Material/Cube/4.mat using Guid(39e90d7bdcb89184fac0bb63f3419cd7) Importer(815301076,1909f56bfc062723c751e8b465ee728b)  -> (artifact id: '0a71249fe8d9c5e45aed194b07aeac24') in 0.015965 seconds 
========================================================================
Received Import Request.
  Time since last request: 15.347576 seconds.
  path: Assets/Material/Cube/8.mat
  artifactKey: Guid(048e40eebb15cb24286ed5a2e446a30c) Importer(815301076,1909f56bfc062723c751e8b465ee728b)
Start importing Assets/Material/Cube/8.mat using Guid(048e40eebb15cb24286ed5a2e446a30c) Importer(815301076,1909f56bfc062723c751e8b465ee728b)  -> (artifact id: '3020f0c2d055a2424644d4e0bac11406') in 0.009966 seconds 
========================================================================
Received Import Request.
  Time since last request: 14.528641 seconds.
  path: Assets/Material/Cube/16.mat
  artifactKey: Guid(41826011c6f004540a20345f98e0a49e) Importer(815301076,1909f56bfc062723c751e8b465ee728b)
Start importing Assets/Material/Cube/16.mat using Guid(41826011c6f004540a20345f98e0a49e) Importer(815301076,1909f56bfc062723c751e8b465ee728b)  -> (artifact id: 'fcfedf6f7c3c5cc5641d7a989d80fd4b') in 0.014609 seconds 
========================================================================
Received Import Request.
  Time since last request: 10.591328 seconds.
  path: Assets/Material/Cube/32.mat
  artifactKey: Guid(68dd378f964d3e94d9bac1d302770023) Importer(815301076,1909f56bfc062723c751e8b465ee728b)
Start importing Assets/Material/Cube/32.mat using Guid(68dd378f964d3e94d9bac1d302770023) Importer(815301076,1909f56bfc062723c751e8b465ee728b)  -> (artifact id: '3b6be1d1cf7c9a3bdd0533f80ad93a44') in 0.015473 seconds 
========================================================================
Received Import Request.
  Time since last request: 21.047697 seconds.
  path: Assets/Material/Cube/64.mat
  artifactKey: Guid(35f2f9d56cc4d9a4b92da911b1bade26) Importer(815301076,1909f56bfc062723c751e8b465ee728b)
Start importing Assets/Material/Cube/64.mat using Guid(35f2f9d56cc4d9a4b92da911b1bade26) Importer(815301076,1909f56bfc062723c751e8b465ee728b)  -> (artifact id: '989496ca4d4684133056e04956d9d432') in 0.009588 seconds 
========================================================================
Received Import Request.
  Time since last request: 3.269232 seconds.
  path: Assets/Material/Cube/128.mat
  artifactKey: Guid(52aa4e65133e6864f95fac42109b20b2) Importer(815301076,1909f56bfc062723c751e8b465ee728b)
Start importing Assets/Material/Cube/128.mat using Guid(52aa4e65133e6864f95fac42109b20b2) Importer(815301076,1909f56bfc062723c751e8b465ee728b)  -> (artifact id: '5573293f4fb143a1c81e191312caced9') in 0.009085 seconds 
========================================================================
Received Import Request.
  Time since last request: 27.429736 seconds.
  path: Assets/Material/Cube/256.mat
  artifactKey: Guid(c28a3217c3edd27479950e5810da4e85) Importer(815301076,1909f56bfc062723c751e8b465ee728b)
Start importing Assets/Material/Cube/256.mat using Guid(c28a3217c3edd27479950e5810da4e85) Importer(815301076,1909f56bfc062723c751e8b465ee728b)  -> (artifact id: '8c72b146fe1f5492d074dfeee1595d38') in 0.016572 seconds 
========================================================================
Received Import Request.
  Time since last request: 2.101466 seconds.
  path: Assets/Material/Cube/2 1.mat
  artifactKey: Guid(9dbe5410850ecbf4dbf9cf093a2428f9) Importer(815301076,1909f56bfc062723c751e8b465ee728b)
Start importing Assets/Material/Cube/2 1.mat using Guid(9dbe5410850ecbf4dbf9cf093a2428f9) Importer(815301076,1909f56bfc062723c751e8b465ee728b)  -> (artifact id: '9ea6ce88488cedee0c11f37c5b68eb19') in 0.016315 seconds 
========================================================================
Received Import Request.
  Time since last request: 1.266977 seconds.
  path: Assets/Material/Cube/2 2.mat
  artifactKey: Guid(bd5cd0a2ed70bb54a834fcb7bf256783) Importer(815301076,1909f56bfc062723c751e8b465ee728b)
Start importing Assets/Material/Cube/2 2.mat using Guid(bd5cd0a2ed70bb54a834fcb7bf256783) Importer(815301076,1909f56bfc062723c751e8b465ee728b)  -> (artifact id: 'a77b89a1fe1a152835ec68c4e3b4a05a') in 0.016138 seconds 
========================================================================
Received Import Request.
  Time since last request: 3.924732 seconds.
  path: Assets/Material/Cube/521.mat
  artifactKey: Guid(bd5cd0a2ed70bb54a834fcb7bf256783) Importer(815301076,1909f56bfc062723c751e8b465ee728b)
Start importing Assets/Material/Cube/521.mat using Guid(bd5cd0a2ed70bb54a834fcb7bf256783) Importer(815301076,1909f56bfc062723c751e8b465ee728b)  -> (artifact id: '7cd6087e3e29421d2c5857a329439106') in 0.009352 seconds 
========================================================================
Received Import Request.
  Time since last request: 165.526155 seconds.
  path: Assets/Material/Cube/2 1.mat
  artifactKey: Guid(a50d06f5dc5648048b19dc70640b0353) Importer(815301076,1909f56bfc062723c751e8b465ee728b)
Start importing Assets/Material/Cube/2 1.mat using Guid(a50d06f5dc5648048b19dc70640b0353) Importer(815301076,1909f56bfc062723c751e8b465ee728b)  -> (artifact id: '01fb59716f184fe49b83de0090648278') in 0.016522 seconds 
========================================================================
Received Import Request.
  Time since last request: 9.269628 seconds.
  path: Assets/Material/Cube/521.mat
  artifactKey: Guid(bd5cd0a2ed70bb54a834fcb7bf256783) Importer(815301076,1909f56bfc062723c751e8b465ee728b)
Start importing Assets/Material/Cube/521.mat using Guid(bd5cd0a2ed70bb54a834fcb7bf256783) Importer(815301076,1909f56bfc062723c751e8b465ee728b)  -> (artifact id: 'e331fb773436d3b38eb800a2593c0f17') in 0.015996 seconds 
========================================================================
Received Import Request.
  Time since last request: 12.737174 seconds.
  path: Assets/Material/Cube/2 1.mat
  artifactKey: Guid(0c867b3ea1a9dae40b0edd1c701547df) Importer(815301076,1909f56bfc062723c751e8b465ee728b)
Start importing Assets/Material/Cube/2 1.mat using Guid(0c867b3ea1a9dae40b0edd1c701547df) Importer(815301076,1909f56bfc062723c751e8b465ee728b)  -> (artifact id: 'c43fbcff0f7d5024763a34dccadf8d2a') in 0.009878 seconds 
========================================================================
Received Import Request.
  Time since last request: 20.156437 seconds.
  path: Assets/Material/Cube/4.mat
  artifactKey: Guid(0c867b3ea1a9dae40b0edd1c701547df) Importer(815301076,1909f56bfc062723c751e8b465ee728b)
Start importing Assets/Material/Cube/4.mat using Guid(0c867b3ea1a9dae40b0edd1c701547df) Importer(815301076,1909f56bfc062723c751e8b465ee728b)  -> (artifact id: '9be661de866dd5b5be1551e4fe3ffb90') in 0.009407 seconds 
========================================================================
Received Import Request.
  Time since last request: 2.943707 seconds.
  path: Assets/Material/Cube/2.mat
  artifactKey: Guid(4b56891c7069cbc42b44c21243b39358) Importer(815301076,1909f56bfc062723c751e8b465ee728b)
Start importing Assets/Material/Cube/2.mat using Guid(4b56891c7069cbc42b44c21243b39358) Importer(815301076,1909f56bfc062723c751e8b465ee728b)  -> (artifact id: '1ab169a293ce099988e57c4b7fcf9977') in 0.016406 seconds 
========================================================================
Received Import Request.
  Time since last request: 16.713412 seconds.
  path: Assets/Material/Cube/8.mat
  artifactKey: Guid(6a30a9f0f66067345be397de6817121f) Importer(815301076,1909f56bfc062723c751e8b465ee728b)
Start importing Assets/Material/Cube/8.mat using Guid(6a30a9f0f66067345be397de6817121f) Importer(815301076,1909f56bfc062723c751e8b465ee728b)  -> (artifact id: '9fae828893d0b6ff929de1c9dc790693') in 0.010032 seconds 
========================================================================
Received Import Request.
  Time since last request: 111.171813 seconds.
  path: Assets/Material/Cube/16.mat
  artifactKey: Guid(41826011c6f004540a20345f98e0a49e) Importer(815301076,1909f56bfc062723c751e8b465ee728b)
Start importing Assets/Material/Cube/16.mat using Guid(41826011c6f004540a20345f98e0a49e) Importer(815301076,1909f56bfc062723c751e8b465ee728b)  -> (artifact id: '4489281578640986a41c3195bbbc8f95') in 0.016253 seconds 
========================================================================
Received Import Request.
  Time since last request: 0.000021 seconds.
  path: Assets/Material/Cube/521.mat
  artifactKey: Guid(bd5cd0a2ed70bb54a834fcb7bf256783) Importer(815301076,1909f56bfc062723c751e8b465ee728b)
Start importing Assets/Material/Cube/521.mat using Guid(bd5cd0a2ed70bb54a834fcb7bf256783) Importer(815301076,1909f56bfc062723c751e8b465ee728b)  -> (artifact id: '55d35a41c0ca595b5f3c711b17c33096') in 0.010001 seconds 
========================================================================
Received Import Request.
  Time since last request: 0.000018 seconds.
  path: Assets/Material/Cube/128.mat
  artifactKey: Guid(52aa4e65133e6864f95fac42109b20b2) Importer(815301076,1909f56bfc062723c751e8b465ee728b)
Start importing Assets/Material/Cube/128.mat using Guid(52aa4e65133e6864f95fac42109b20b2) Importer(815301076,1909f56bfc062723c751e8b465ee728b)  -> (artifact id: 'ccab94580691058e83559a4efc95d6e5') in 0.011706 seconds 
========================================================================
Received Import Request.
  Time since last request: 0.000022 seconds.
  path: Assets/Material/Cube/256.mat
  artifactKey: Guid(c28a3217c3edd27479950e5810da4e85) Importer(815301076,1909f56bfc062723c751e8b465ee728b)
Start importing Assets/Material/Cube/256.mat using Guid(c28a3217c3edd27479950e5810da4e85) Importer(815301076,1909f56bfc062723c751e8b465ee728b)  -> (artifact id: '256b25c0502b583a32dfc2da2df18c82') in 0.009916 seconds 
========================================================================
Received Import Request.
  Time since last request: 14.311535 seconds.
  path: Assets/Material/Cube/1024.mat
  artifactKey: Guid(1911e4838c5555047a9caa6267e415e4) Importer(815301076,1909f56bfc062723c751e8b465ee728b)
Start importing Assets/Material/Cube/1024.mat using Guid(1911e4838c5555047a9caa6267e415e4) Importer(815301076,1909f56bfc062723c751e8b465ee728b)  -> (artifact id: '578a9560567154eefda5a5d95e69023b') in 0.014348 seconds 
========================================================================
Received Import Request.
  Time since last request: 2.546677 seconds.
  path: Assets/Material/Cube/512.mat
  artifactKey: Guid(bd5cd0a2ed70bb54a834fcb7bf256783) Importer(815301076,1909f56bfc062723c751e8b465ee728b)
Start importing Assets/Material/Cube/512.mat using Guid(bd5cd0a2ed70bb54a834fcb7bf256783) Importer(815301076,1909f56bfc062723c751e8b465ee728b)  -> (artifact id: '262ae36e184952383d8b2e0f35b9b712') in 0.015618 seconds 
========================================================================
Received Import Request.
  Time since last request: 2.174414 seconds.
  path: Assets/Material/Cube/1024 1.mat
  artifactKey: Guid(bb97e94f7b1479b44ba49f3042642888) Importer(815301076,1909f56bfc062723c751e8b465ee728b)
Start importing Assets/Material/Cube/1024 1.mat using Guid(bb97e94f7b1479b44ba49f3042642888) Importer(815301076,1909f56bfc062723c751e8b465ee728b)  -> (artifact id: 'ea5c092906d7ccd5edbdcc7861f0275e') in 0.017713 seconds 
========================================================================
Received Import Request.
  Time since last request: 2.397948 seconds.
  path: Assets/Material/Cube/2048.mat
  artifactKey: Guid(bb97e94f7b1479b44ba49f3042642888) Importer(815301076,1909f56bfc062723c751e8b465ee728b)
Start importing Assets/Material/Cube/2048.mat using Guid(bb97e94f7b1479b44ba49f3042642888) Importer(815301076,1909f56bfc062723c751e8b465ee728b)  -> (artifact id: '05a9d673f847b36c8a67b5ff5dbe3f34') in 0.015300 seconds 
========================================================================
Received Import Request.
  Time since last request: 26.576125 seconds.
  path: Assets/Material/Cube/1024.mat
  artifactKey: Guid(1911e4838c5555047a9caa6267e415e4) Importer(815301076,1909f56bfc062723c751e8b465ee728b)
Start importing Assets/Material/Cube/1024.mat using Guid(1911e4838c5555047a9caa6267e415e4) Importer(815301076,1909f56bfc062723c751e8b465ee728b)  -> (artifact id: 'aa176afc9040c871497cae28a81eb0df') in 0.009820 seconds 
========================================================================
Received Import Request.
  Time since last request: 0.000024 seconds.
  path: Assets/Material/Cube/2048.mat
  artifactKey: Guid(bb97e94f7b1479b44ba49f3042642888) Importer(815301076,1909f56bfc062723c751e8b465ee728b)
Start importing Assets/Material/Cube/2048.mat using Guid(bb97e94f7b1479b44ba49f3042642888) Importer(815301076,1909f56bfc062723c751e8b465ee728b)  -> (artifact id: '4e26843146310a7e6123d6c5b76b0c5f') in 0.008676 seconds 
========================================================================
Received Import Request.
  Time since last request: 10.306290 seconds.
  path: Assets/Material/Cube/4096over.mat
  artifactKey: Guid(9282bb52af212b7459483cc481a5c619) Importer(815301076,1909f56bfc062723c751e8b465ee728b)
Start importing Assets/Material/Cube/4096over.mat using Guid(9282bb52af212b7459483cc481a5c619) Importer(815301076,1909f56bfc062723c751e8b465ee728b)  -> (artifact id: 'e9f1a7042a4d1d29f7765ac40c21a358') in 0.015332 seconds 
========================================================================
Received Import Request.
  Time since last request: 43.387744 seconds.
  path: Assets/Prefeb/2.prefab
  artifactKey: Guid(9a16ba5de5be66f40ad3b51169e70ba7) Importer(815301076,1909f56bfc062723c751e8b465ee728b)
Start importing Assets/Prefeb/2.prefab using Guid(9a16ba5de5be66f40ad3b51169e70ba7) Importer(815301076,1909f56bfc062723c751e8b465ee728b)  -> (artifact id: '22b199436b9e2e6aa794f184305d1719') in 0.016893 seconds 
========================================================================
Received Prepare
Registering precompiled user dll's ...
Registered in 0.004356 seconds.
Begin MonoManager ReloadAssembly
Symbol file LoadedFromMemory doesn't match image C:\2048SHOOT\My2048SHOOT\Library\PackageCache\com.unity.visualscripting@1.7.6\Editor\VisualScripting.Core\Dependencies\YamlDotNet\Unity.VisualScripting.YamlDotNet.dll
Symbol file LoadedFromMemory doesn't match image C:\2048SHOOT\My2048SHOOT\Library\PackageCache\com.unity.visualscripting@1.7.6\Editor\VisualScripting.Core\Dependencies\DotNetZip\Unity.VisualScripting.IonicZip.dll
Native extension for WindowsStandalone target not found
Refreshing native plugins compatible for Editor in 0.44 ms, found 3 plugins.
Preloading 0 native plugins for Editor in 0.00 ms.
Mono: successfully reloaded assembly
- Completed reload, in  0.715 seconds
Domain Reload Profiling:
	ReloadAssembly (716ms)
		BeginReloadAssembly (107ms)
			ExecutionOrderSort (0ms)
			DisableScriptedObjects (3ms)
			BackupInstance (0ms)
			ReleaseScriptingObjects (0ms)
			CreateAndSetChildDomain (28ms)
		EndReloadAssembly (539ms)
			LoadAssemblies (68ms)
			RebuildTransferFunctionScriptingTraits (0ms)
			SetupTypeCache (168ms)
			ReleaseScriptCaches (1ms)
			RebuildScriptCaches (29ms)
			SetupLoadedEditorAssemblies (241ms)
				LogAssemblyErrors (0ms)
				InitializePlatformSupportModulesInManaged (11ms)
				SetLoadedEditorAssemblies (0ms)
				RefreshPlugins (1ms)
				BeforeProcessingInitializeOnLoad (48ms)
				ProcessInitializeOnLoadAttributes (154ms)
				ProcessInitializeOnLoadMethodAttributes (21ms)
				AfterProcessingInitializeOnLoad (7ms)
				EditorAssembliesLoaded (0ms)
			ExecutionOrderSort2 (0ms)
			AwakeInstancesAfterBackupRestoration (9ms)
Platform modules already initialized, skipping
Refreshing native plugins compatible for Editor in 1.43 ms, found 3 plugins.
Preloading 0 native plugins for Editor in 0.00 ms.
Unloading 3357 Unused Serialized files (Serialized files now loaded: 0)
Unloading 17 unused Assets / (24.7 KB). Loaded Objects now: 3895.
Memory consumption went from 121.5 MB to 121.4 MB.
Total: 2.195000 ms (FindLiveObjects: 0.175700 ms CreateObjectMapping: 0.079400 ms MarkObjects: 1.922400 ms  DeleteObjects: 0.016300 ms)

AssetImportParameters requested are different than current active one (requested -> active):
  custom:video-decoder-ogg-theora: a1e56fd34408186e4bbccfd4996cb3dc -> 
  custom:container-muxer-webm: aa71ff27fc2769a1b78a27578f13a17b -> 
  custom:container-demuxer-webm: 4f35f7cbe854078d1ac9338744f61a02 -> 
  custom:video-encoder-webm-vp8: eb34c28f22e8b96e1ab97ce403110664 -> 
  custom:audio-encoder-webm-vorbis: bf7c407c2cedff20999df2af8eb42d56 -> 
  custom:framework-win-MediaFoundation: 216162199b28c13a410421893ffa2e32 -> 
  custom:container-demuxer-ogg: 62fdf1f143b41e24485cea50d1cbac27 -> 
  custom:video-decoder-webm-vp8: 9c59270c3fd7afecdb556c50c9e8de78 -> 
  custom:audio-decoder-ogg-vorbis: bf7c407c2cedff20999df2af8eb42d56 -> 
========================================================================
Received Prepare
Registering precompiled user dll's ...
Registered in 0.004632 seconds.
Begin MonoManager ReloadAssembly
Symbol file LoadedFromMemory doesn't match image C:\2048SHOOT\My2048SHOOT\Library\PackageCache\com.unity.visualscripting@1.7.6\Editor\VisualScripting.Core\Dependencies\YamlDotNet\Unity.VisualScripting.YamlDotNet.dll
Symbol file LoadedFromMemory doesn't match image C:\2048SHOOT\My2048SHOOT\Library\PackageCache\com.unity.visualscripting@1.7.6\Editor\VisualScripting.Core\Dependencies\DotNetZip\Unity.VisualScripting.IonicZip.dll
Native extension for WindowsStandalone target not found
Refreshing native plugins compatible for Editor in 0.44 ms, found 3 plugins.
Preloading 0 native plugins for Editor in 0.00 ms.
Mono: successfully reloaded assembly
- Completed reload, in  0.728 seconds
Domain Reload Profiling:
	ReloadAssembly (728ms)
		BeginReloadAssembly (110ms)
			ExecutionOrderSort (0ms)
			DisableScriptedObjects (3ms)
			BackupInstance (0ms)
			ReleaseScriptingObjects (0ms)
			CreateAndSetChildDomain (26ms)
		EndReloadAssembly (549ms)
			LoadAssemblies (73ms)
			RebuildTransferFunctionScriptingTraits (0ms)
			SetupTypeCache (172ms)
			ReleaseScriptCaches (1ms)
			RebuildScriptCaches (28ms)
			SetupLoadedEditorAssemblies (246ms)
				LogAssemblyErrors (0ms)
				InitializePlatformSupportModulesInManaged (10ms)
				SetLoadedEditorAssemblies (0ms)
				RefreshPlugins (1ms)
				BeforeProcessingInitializeOnLoad (53ms)
				ProcessInitializeOnLoadAttributes (152ms)
				ProcessInitializeOnLoadMethodAttributes (22ms)
				AfterProcessingInitializeOnLoad (7ms)
				EditorAssembliesLoaded (0ms)
			ExecutionOrderSort2 (0ms)
			AwakeInstancesAfterBackupRestoration (11ms)
Platform modules already initialized, skipping
Refreshing native plugins compatible for Editor in 1.58 ms, found 3 plugins.
Preloading 0 native plugins for Editor in 0.00 ms.
Unloading 3357 Unused Serialized files (Serialized files now loaded: 0)
Unloading 17 unused Assets / (24.7 KB). Loaded Objects now: 3898.
Memory consumption went from 121.5 MB to 121.4 MB.
Total: 2.149500 ms (FindLiveObjects: 0.193900 ms CreateObjectMapping: 0.086400 ms MarkObjects: 1.852700 ms  DeleteObjects: 0.015800 ms)

AssetImportParameters requested are different than current active one (requested -> active):
  custom:video-decoder-ogg-theora: a1e56fd34408186e4bbccfd4996cb3dc -> 
  custom:container-muxer-webm: aa71ff27fc2769a1b78a27578f13a17b -> 
  custom:container-demuxer-webm: 4f35f7cbe854078d1ac9338744f61a02 -> 
  custom:video-encoder-webm-vp8: eb34c28f22e8b96e1ab97ce403110664 -> 
  custom:audio-encoder-webm-vorbis: bf7c407c2cedff20999df2af8eb42d56 -> 
  custom:framework-win-MediaFoundation: 216162199b28c13a410421893ffa2e32 -> 
  custom:container-demuxer-ogg: 62fdf1f143b41e24485cea50d1cbac27 -> 
  custom:video-decoder-webm-vp8: 9c59270c3fd7afecdb556c50c9e8de78 -> 
  custom:audio-decoder-ogg-vorbis: bf7c407c2cedff20999df2af8eb42d56 -> 
========================================================================
Received Import Request.
  Time since last request: 66.068237 seconds.
  path: Assets/Prefeb/2.prefab
  artifactKey: Guid(9a16ba5de5be66f40ad3b51169e70ba7) Importer(815301076,1909f56bfc062723c751e8b465ee728b)
Start importing Assets/Prefeb/2.prefab using Guid(9a16ba5de5be66f40ad3b51169e70ba7) Importer(815301076,1909f56bfc062723c751e8b465ee728b)  -> (artifact id: '3fa4253bf464c1ea5cbbcf0eb7c4b0ca') in 0.056597 seconds 
========================================================================
Received Import Request.
  Time since last request: 50.738066 seconds.
  path: Assets/Material/Cube/2.mat
  artifactKey: Guid(4b56891c7069cbc42b44c21243b39358) Importer(815301076,1909f56bfc062723c751e8b465ee728b)
Start importing Assets/Material/Cube/2.mat using Guid(4b56891c7069cbc42b44c21243b39358) Importer(815301076,1909f56bfc062723c751e8b465ee728b)  -> (artifact id: '7cc3aa8d3fe60d37a12434ec31ac9d2e') in 0.021111 seconds 
========================================================================
Received Import Request.
  Time since last request: 118.440390 seconds.
  path: Assets/Prefeb/2.prefab
  artifactKey: Guid(9a16ba5de5be66f40ad3b51169e70ba7) Importer(815301076,1909f56bfc062723c751e8b465ee728b)
Start importing Assets/Prefeb/2.prefab using Guid(9a16ba5de5be66f40ad3b51169e70ba7) Importer(815301076,1909f56bfc062723c751e8b465ee728b)  -> (artifact id: '6acd49b336a15349667c37c9cf48056e') in 0.009797 seconds 
========================================================================
Received Import Request.
  Time since last request: 1.893953 seconds.
  path: Assets/Prefeb/4.prefab
  artifactKey: Guid(0a78641db04cb6b45ac35d8b7ac996fa) Importer(815301076,1909f56bfc062723c751e8b465ee728b)
Start importing Assets/Prefeb/4.prefab using Guid(0a78641db04cb6b45ac35d8b7ac996fa) Importer(815301076,1909f56bfc062723c751e8b465ee728b)  -> (artifact id: 'caf4d0858e4a6560136b3f426ff006de') in 0.008544 seconds 
========================================================================
Received Import Request.
  Time since last request: 2.107556 seconds.
  path: Assets/Prefeb/8.prefab
  artifactKey: Guid(11177ac9aad8b6245bca5a0aedd66d74) Importer(815301076,1909f56bfc062723c751e8b465ee728b)
Start importing Assets/Prefeb/8.prefab using Guid(11177ac9aad8b6245bca5a0aedd66d74) Importer(815301076,1909f56bfc062723c751e8b465ee728b)  -> (artifact id: 'e877a1270fdc402665bfc607f709d25f') in 0.008009 seconds 
========================================================================
Received Import Request.
  Time since last request: 0.880061 seconds.
  path: Assets/Prefeb/8.prefab
  artifactKey: Guid(11177ac9aad8b6245bca5a0aedd66d74) Importer(815301076,1909f56bfc062723c751e8b465ee728b)
Start importing Assets/Prefeb/8.prefab using Guid(11177ac9aad8b6245bca5a0aedd66d74) Importer(815301076,1909f56bfc062723c751e8b465ee728b)  -> (artifact id: 'fabdced1435d904e8bc9277f9fea3803') in 0.009045 seconds 
========================================================================
Received Import Request.
  Time since last request: 1.427879 seconds.
  path: Assets/Prefeb/16.prefab
  artifactKey: Guid(752bb67842a7a914985b0b4b84e2cb54) Importer(815301076,1909f56bfc062723c751e8b465ee728b)
Start importing Assets/Prefeb/16.prefab using Guid(752bb67842a7a914985b0b4b84e2cb54) Importer(815301076,1909f56bfc062723c751e8b465ee728b)  -> (artifact id: '6c65f33eca320a3a0131c3006f61020f') in 0.009158 seconds 
========================================================================
Received Import Request.
  Time since last request: 0.866397 seconds.
  path: Assets/Prefeb/16.prefab
  artifactKey: Guid(752bb67842a7a914985b0b4b84e2cb54) Importer(815301076,1909f56bfc062723c751e8b465ee728b)
Start importing Assets/Prefeb/16.prefab using Guid(752bb67842a7a914985b0b4b84e2cb54) Importer(815301076,1909f56bfc062723c751e8b465ee728b)  -> (artifact id: '31679315dd99c9b520fbdfc125aeb03c') in 0.009724 seconds 
========================================================================
Received Import Request.
  Time since last request: 1.746512 seconds.
  path: Assets/Prefeb/32.prefab
  artifactKey: Guid(f16dd4a711a68f84c9eefb0268fcc23e) Importer(815301076,1909f56bfc062723c751e8b465ee728b)
Start importing Assets/Prefeb/32.prefab using Guid(f16dd4a711a68f84c9eefb0268fcc23e) Importer(815301076,1909f56bfc062723c751e8b465ee728b)  -> (artifact id: '8783a9f571ccd68138c6f665d407179d') in 0.008586 seconds 
========================================================================
Received Import Request.
  Time since last request: 0.871541 seconds.
  path: Assets/Prefeb/32.prefab
  artifactKey: Guid(f16dd4a711a68f84c9eefb0268fcc23e) Importer(815301076,1909f56bfc062723c751e8b465ee728b)
Start importing Assets/Prefeb/32.prefab using Guid(f16dd4a711a68f84c9eefb0268fcc23e) Importer(815301076,1909f56bfc062723c751e8b465ee728b)  -> (artifact id: '0df09d5201489b62e784eac3692a5a97') in 0.008817 seconds 
========================================================================
Received Import Request.
  Time since last request: 1.475628 seconds.
  path: Assets/Prefeb/64.prefab
  artifactKey: Guid(a28dbad72970e9c409f52063ac2f2a07) Importer(815301076,1909f56bfc062723c751e8b465ee728b)
Start importing Assets/Prefeb/64.prefab using Guid(a28dbad72970e9c409f52063ac2f2a07) Importer(815301076,1909f56bfc062723c751e8b465ee728b)  -> (artifact id: 'c74c4da4e756d2857f54431e8ed14b33') in 0.009463 seconds 
========================================================================
Received Import Request.
  Time since last request: 0.663117 seconds.
  path: Assets/Prefeb/64.prefab
  artifactKey: Guid(a28dbad72970e9c409f52063ac2f2a07) Importer(815301076,1909f56bfc062723c751e8b465ee728b)
Start importing Assets/Prefeb/64.prefab using Guid(a28dbad72970e9c409f52063ac2f2a07) Importer(815301076,1909f56bfc062723c751e8b465ee728b)  -> (artifact id: '4c30c1fd9e86ac565afccd21bdf6a286') in 0.008535 seconds 
========================================================================
Received Import Request.
  Time since last request: 2.403455 seconds.
  path: Assets/Prefeb/128.prefab
  artifactKey: Guid(56aa130a1d7c82c498eb5dcee16ef953) Importer(815301076,1909f56bfc062723c751e8b465ee728b)
Start importing Assets/Prefeb/128.prefab using Guid(56aa130a1d7c82c498eb5dcee16ef953) Importer(815301076,1909f56bfc062723c751e8b465ee728b)  -> (artifact id: '86b7ca7e402018e5940cb946bba11e83') in 0.008804 seconds 
========================================================================
Received Import Request.
  Time since last request: 1.266679 seconds.
  path: Assets/Prefeb/128.prefab
  artifactKey: Guid(56aa130a1d7c82c498eb5dcee16ef953) Importer(815301076,1909f56bfc062723c751e8b465ee728b)
Start importing Assets/Prefeb/128.prefab using Guid(56aa130a1d7c82c498eb5dcee16ef953) Importer(815301076,1909f56bfc062723c751e8b465ee728b)  -> (artifact id: 'ba80da19439fdbb1836610d4b5c626a0') in 0.008668 seconds 
========================================================================
Received Import Request.
  Time since last request: 1.346661 seconds.
  path: Assets/Prefeb/256.prefab
  artifactKey: Guid(d7e4c9cfd4d3ead4f87bb5644eb10cdc) Importer(815301076,1909f56bfc062723c751e8b465ee728b)
Start importing Assets/Prefeb/256.prefab using Guid(d7e4c9cfd4d3ead4f87bb5644eb10cdc) Importer(815301076,1909f56bfc062723c751e8b465ee728b)  -> (artifact id: '9f87023b297ce766d09bd0a6999047dc') in 0.008000 seconds 
========================================================================
Received Import Request.
  Time since last request: 0.666185 seconds.
  path: Assets/Prefeb/256.prefab
  artifactKey: Guid(d7e4c9cfd4d3ead4f87bb5644eb10cdc) Importer(815301076,1909f56bfc062723c751e8b465ee728b)
Start importing Assets/Prefeb/256.prefab using Guid(d7e4c9cfd4d3ead4f87bb5644eb10cdc) Importer(815301076,1909f56bfc062723c751e8b465ee728b)  -> (artifact id: '7a71da0f1b6f6991c76d914d639ca340') in 0.010080 seconds 
========================================================================
Received Import Request.
  Time since last request: 1.805279 seconds.
  path: Assets/Prefeb/512.prefab
  artifactKey: Guid(ae1a11bf9d8a4c64d87e325ba78b6534) Importer(815301076,1909f56bfc062723c751e8b465ee728b)
Start importing Assets/Prefeb/512.prefab using Guid(ae1a11bf9d8a4c64d87e325ba78b6534) Importer(815301076,1909f56bfc062723c751e8b465ee728b)  -> (artifact id: '7f1b8dd98b30eb699981acb109f4d75b') in 0.007959 seconds 
========================================================================
Received Import Request.
  Time since last request: 0.881698 seconds.
  path: Assets/Prefeb/512.prefab
  artifactKey: Guid(ae1a11bf9d8a4c64d87e325ba78b6534) Importer(815301076,1909f56bfc062723c751e8b465ee728b)
Start importing Assets/Prefeb/512.prefab using Guid(ae1a11bf9d8a4c64d87e325ba78b6534) Importer(815301076,1909f56bfc062723c751e8b465ee728b)  -> (artifact id: '70eaca3808c56bc21e68b93f22918dc1') in 0.009958 seconds 
========================================================================
Received Import Request.
  Time since last request: 1.858095 seconds.
  path: Assets/Prefeb/1024.prefab
  artifactKey: Guid(d751c8fd4ea0f3140be0c994c73e8dbf) Importer(815301076,1909f56bfc062723c751e8b465ee728b)
Start importing Assets/Prefeb/1024.prefab using Guid(d751c8fd4ea0f3140be0c994c73e8dbf) Importer(815301076,1909f56bfc062723c751e8b465ee728b)  -> (artifact id: '555bd5c42b5016b5791604553e2d52e8') in 0.008073 seconds 
========================================================================
Received Import Request.
  Time since last request: 0.866139 seconds.
  path: Assets/Prefeb/1024.prefab
  artifactKey: Guid(d751c8fd4ea0f3140be0c994c73e8dbf) Importer(815301076,1909f56bfc062723c751e8b465ee728b)
Start importing Assets/Prefeb/1024.prefab using Guid(d751c8fd4ea0f3140be0c994c73e8dbf) Importer(815301076,1909f56bfc062723c751e8b465ee728b)  -> (artifact id: 'aee2d749a02a3306c99a56c53e4fca92') in 0.009540 seconds 
========================================================================
Received Import Request.
  Time since last request: 1.808475 seconds.
  path: Assets/Prefeb/2048.prefab
  artifactKey: Guid(6fdd4517449779645abf45714676a47c) Importer(815301076,1909f56bfc062723c751e8b465ee728b)
Start importing Assets/Prefeb/2048.prefab using Guid(6fdd4517449779645abf45714676a47c) Importer(815301076,1909f56bfc062723c751e8b465ee728b)  -> (artifact id: '0a1a2ebf99233dfd179ae61fcb79ca6f') in 0.008369 seconds 
========================================================================
Received Import Request.
  Time since last request: 1.073411 seconds.
  path: Assets/Prefeb/2048.prefab
  artifactKey: Guid(6fdd4517449779645abf45714676a47c) Importer(815301076,1909f56bfc062723c751e8b465ee728b)
Start importing Assets/Prefeb/2048.prefab using Guid(6fdd4517449779645abf45714676a47c) Importer(815301076,1909f56bfc062723c751e8b465ee728b)  -> (artifact id: '0a5606cf8d2a19f3eb6d2f0b93ec5446') in 0.009632 seconds 
========================================================================
Received Prepare
Registering precompiled user dll's ...
Registered in 0.003818 seconds.
Begin MonoManager ReloadAssembly
Symbol file LoadedFromMemory doesn't match image C:\2048SHOOT\My2048SHOOT\Library\PackageCache\com.unity.visualscripting@1.7.6\Editor\VisualScripting.Core\Dependencies\YamlDotNet\Unity.VisualScripting.YamlDotNet.dll
Symbol file LoadedFromMemory doesn't match image C:\2048SHOOT\My2048SHOOT\Library\PackageCache\com.unity.visualscripting@1.7.6\Editor\VisualScripting.Core\Dependencies\DotNetZip\Unity.VisualScripting.IonicZip.dll
Native extension for WindowsStandalone target not found
Refreshing native plugins compatible for Editor in 0.42 ms, found 3 plugins.
Preloading 0 native plugins for Editor in 0.00 ms.
Mono: successfully reloaded assembly
- Completed reload, in  0.697 seconds
Domain Reload Profiling:
	ReloadAssembly (698ms)
		BeginReloadAssembly (104ms)
			ExecutionOrderSort (0ms)
			DisableScriptedObjects (3ms)
			BackupInstance (0ms)
			ReleaseScriptingObjects (0ms)
			CreateAndSetChildDomain (27ms)
		EndReloadAssembly (526ms)
			LoadAssemblies (66ms)
			RebuildTransferFunctionScriptingTraits (0ms)
			SetupTypeCache (170ms)
			ReleaseScriptCaches (1ms)
			RebuildScriptCaches (27ms)
			SetupLoadedEditorAssemblies (234ms)
				LogAssemblyErrors (0ms)
				InitializePlatformSupportModulesInManaged (9ms)
				SetLoadedEditorAssemblies (0ms)
				RefreshPlugins (0ms)
				BeforeProcessingInitializeOnLoad (49ms)
				ProcessInitializeOnLoadAttributes (147ms)
				ProcessInitializeOnLoadMethodAttributes (22ms)
				AfterProcessingInitializeOnLoad (7ms)
				EditorAssembliesLoaded (0ms)
			ExecutionOrderSort2 (0ms)
			AwakeInstancesAfterBackupRestoration (11ms)
Platform modules already initialized, skipping
Refreshing native plugins compatible for Editor in 1.49 ms, found 3 plugins.
Preloading 0 native plugins for Editor in 0.00 ms.
Unloading 3357 Unused Serialized files (Serialized files now loaded: 0)
Unloading 17 unused Assets / (24.7 KB). Loaded Objects now: 3901.
Memory consumption went from 121.6 MB to 121.6 MB.
Total: 2.183400 ms (FindLiveObjects: 0.186900 ms CreateObjectMapping: 0.086200 ms MarkObjects: 1.891200 ms  DeleteObjects: 0.018300 ms)

AssetImportParameters requested are different than current active one (requested -> active):
  custom:video-decoder-ogg-theora: a1e56fd34408186e4bbccfd4996cb3dc -> 
  custom:container-muxer-webm: aa71ff27fc2769a1b78a27578f13a17b -> 
  custom:container-demuxer-webm: 4f35f7cbe854078d1ac9338744f61a02 -> 
  custom:video-encoder-webm-vp8: eb34c28f22e8b96e1ab97ce403110664 -> 
  custom:audio-encoder-webm-vorbis: bf7c407c2cedff20999df2af8eb42d56 -> 
  custom:framework-win-MediaFoundation: 216162199b28c13a410421893ffa2e32 -> 
  custom:container-demuxer-ogg: 62fdf1f143b41e24485cea50d1cbac27 -> 
  custom:video-decoder-webm-vp8: 9c59270c3fd7afecdb556c50c9e8de78 -> 
  custom:audio-decoder-ogg-vorbis: bf7c407c2cedff20999df2af8eb42d56 -> 
========================================================================
Received Prepare
Registering precompiled user dll's ...
Registered in 0.003913 seconds.
Begin MonoManager ReloadAssembly
Symbol file LoadedFromMemory doesn't match image C:\2048SHOOT\My2048SHOOT\Library\PackageCache\com.unity.visualscripting@1.7.6\Editor\VisualScripting.Core\Dependencies\YamlDotNet\Unity.VisualScripting.YamlDotNet.dll
Symbol file LoadedFromMemory doesn't match image C:\2048SHOOT\My2048SHOOT\Library\PackageCache\com.unity.visualscripting@1.7.6\Editor\VisualScripting.Core\Dependencies\DotNetZip\Unity.VisualScripting.IonicZip.dll
Native extension for WindowsStandalone target not found
Refreshing native plugins compatible for Editor in 0.42 ms, found 3 plugins.
Preloading 0 native plugins for Editor in 0.00 ms.
Mono: successfully reloaded assembly
- Completed reload, in  0.723 seconds
Domain Reload Profiling:
	ReloadAssembly (723ms)
		BeginReloadAssembly (103ms)
			ExecutionOrderSort (0ms)
			DisableScriptedObjects (4ms)
			BackupInstance (0ms)
			ReleaseScriptingObjects (0ms)
			CreateAndSetChildDomain (25ms)
		EndReloadAssembly (550ms)
			LoadAssemblies (67ms)
			RebuildTransferFunctionScriptingTraits (0ms)
			SetupTypeCache (184ms)
			ReleaseScriptCaches (1ms)
			RebuildScriptCaches (32ms)
			SetupLoadedEditorAssemblies (237ms)
				LogAssemblyErrors (0ms)
				InitializePlatformSupportModulesInManaged (10ms)
				SetLoadedEditorAssemblies (0ms)
				RefreshPlugins (0ms)
				BeforeProcessingInitializeOnLoad (50ms)
				ProcessInitializeOnLoadAttributes (137ms)
				ProcessInitializeOnLoadMethodAttributes (30ms)
				AfterProcessingInitializeOnLoad (9ms)
				EditorAssembliesLoaded (0ms)
			ExecutionOrderSort2 (0ms)
			AwakeInstancesAfterBackupRestoration (11ms)
Platform modules already initialized, skipping
Refreshing native plugins compatible for Editor in 1.32 ms, found 3 plugins.
Preloading 0 native plugins for Editor in 0.00 ms.
Unloading 3357 Unused Serialized files (Serialized files now loaded: 0)
Unloading 17 unused Assets / (24.7 KB). Loaded Objects now: 3904.
Memory consumption went from 121.6 MB to 121.6 MB.
Total: 2.050300 ms (FindLiveObjects: 0.170500 ms CreateObjectMapping: 0.078500 ms MarkObjects: 1.786200 ms  DeleteObjects: 0.013800 ms)

AssetImportParameters requested are different than current active one (requested -> active):
  custom:video-decoder-ogg-theora: a1e56fd34408186e4bbccfd4996cb3dc -> 
  custom:container-muxer-webm: aa71ff27fc2769a1b78a27578f13a17b -> 
  custom:container-demuxer-webm: 4f35f7cbe854078d1ac9338744f61a02 -> 
  custom:video-encoder-webm-vp8: eb34c28f22e8b96e1ab97ce403110664 -> 
  custom:audio-encoder-webm-vorbis: bf7c407c2cedff20999df2af8eb42d56 -> 
  custom:framework-win-MediaFoundation: 216162199b28c13a410421893ffa2e32 -> 
  custom:container-demuxer-ogg: 62fdf1f143b41e24485cea50d1cbac27 -> 
  custom:video-decoder-webm-vp8: 9c59270c3fd7afecdb556c50c9e8de78 -> 
  custom:audio-decoder-ogg-vorbis: bf7c407c2cedff20999df2af8eb42d56 -> 
========================================================================
Received Prepare
Registering precompiled user dll's ...
Registered in 0.004321 seconds.
Begin MonoManager ReloadAssembly
Symbol file LoadedFromMemory doesn't match image C:\2048SHOOT\My2048SHOOT\Library\PackageCache\com.unity.visualscripting@1.7.6\Editor\VisualScripting.Core\Dependencies\YamlDotNet\Unity.VisualScripting.YamlDotNet.dll
Symbol file LoadedFromMemory doesn't match image C:\2048SHOOT\My2048SHOOT\Library\PackageCache\com.unity.visualscripting@1.7.6\Editor\VisualScripting.Core\Dependencies\DotNetZip\Unity.VisualScripting.IonicZip.dll
Native extension for WindowsStandalone target not found
Refreshing native plugins compatible for Editor in 0.46 ms, found 3 plugins.
Preloading 0 native plugins for Editor in 0.00 ms.
Mono: successfully reloaded assembly
- Completed reload, in  0.696 seconds
Domain Reload Profiling:
	ReloadAssembly (696ms)
		BeginReloadAssembly (104ms)
			ExecutionOrderSort (0ms)
			DisableScriptedObjects (4ms)
			BackupInstance (0ms)
			ReleaseScriptingObjects (0ms)
			CreateAndSetChildDomain (26ms)
		EndReloadAssembly (525ms)
			LoadAssemblies (66ms)
			RebuildTransferFunctionScriptingTraits (0ms)
			SetupTypeCache (172ms)
			ReleaseScriptCaches (1ms)
			RebuildScriptCaches (28ms)
			SetupLoadedEditorAssemblies (232ms)
				LogAssemblyErrors (0ms)
				InitializePlatformSupportModulesInManaged (11ms)
				SetLoadedEditorAssemblies (0ms)
				RefreshPlugins (1ms)
				BeforeProcessingInitializeOnLoad (48ms)
				ProcessInitializeOnLoadAttributes (148ms)
				ProcessInitializeOnLoadMethodAttributes (18ms)
				AfterProcessingInitializeOnLoad (5ms)
				EditorAssembliesLoaded (0ms)
			ExecutionOrderSort2 (0ms)
			AwakeInstancesAfterBackupRestoration (8ms)
Platform modules already initialized, skipping
Refreshing native plugins compatible for Editor in 1.32 ms, found 3 plugins.
Preloading 0 native plugins for Editor in 0.00 ms.
Unloading 3357 Unused Serialized files (Serialized files now loaded: 0)
Unloading 17 unused Assets / (24.6 KB). Loaded Objects now: 3907.
Memory consumption went from 121.6 MB to 121.6 MB.
Total: 2.109800 ms (FindLiveObjects: 0.178400 ms CreateObjectMapping: 0.089000 ms MarkObjects: 1.826000 ms  DeleteObjects: 0.015700 ms)

AssetImportParameters requested are different than current active one (requested -> active):
  custom:video-decoder-ogg-theora: a1e56fd34408186e4bbccfd4996cb3dc -> 
  custom:container-muxer-webm: aa71ff27fc2769a1b78a27578f13a17b -> 
  custom:container-demuxer-webm: 4f35f7cbe854078d1ac9338744f61a02 -> 
  custom:video-encoder-webm-vp8: eb34c28f22e8b96e1ab97ce403110664 -> 
  custom:audio-encoder-webm-vorbis: bf7c407c2cedff20999df2af8eb42d56 -> 
  custom:framework-win-MediaFoundation: 216162199b28c13a410421893ffa2e32 -> 
  custom:container-demuxer-ogg: 62fdf1f143b41e24485cea50d1cbac27 -> 
  custom:video-decoder-webm-vp8: 9c59270c3fd7afecdb556c50c9e8de78 -> 
  custom:audio-decoder-ogg-vorbis: bf7c407c2cedff20999df2af8eb42d56 -> 
========================================================================
Received Prepare
Registering precompiled user dll's ...
Registered in 0.003796 seconds.
Begin MonoManager ReloadAssembly
Symbol file LoadedFromMemory doesn't match image C:\2048SHOOT\My2048SHOOT\Library\PackageCache\com.unity.visualscripting@1.7.6\Editor\VisualScripting.Core\Dependencies\YamlDotNet\Unity.VisualScripting.YamlDotNet.dll
Symbol file LoadedFromMemory doesn't match image C:\2048SHOOT\My2048SHOOT\Library\PackageCache\com.unity.visualscripting@1.7.6\Editor\VisualScripting.Core\Dependencies\DotNetZip\Unity.VisualScripting.IonicZip.dll
Native extension for WindowsStandalone target not found
Refreshing native plugins compatible for Editor in 0.43 ms, found 3 plugins.
Preloading 0 native plugins for Editor in 0.00 ms.
Mono: successfully reloaded assembly
- Completed reload, in  0.700 seconds
Domain Reload Profiling:
	ReloadAssembly (700ms)
		BeginReloadAssembly (103ms)
			ExecutionOrderSort (0ms)
			DisableScriptedObjects (4ms)
			BackupInstance (0ms)
			ReleaseScriptingObjects (0ms)
			CreateAndSetChildDomain (25ms)
		EndReloadAssembly (529ms)
			LoadAssemblies (65ms)
			RebuildTransferFunctionScriptingTraits (0ms)
			SetupTypeCache (172ms)
			ReleaseScriptCaches (1ms)
			RebuildScriptCaches (28ms)
			SetupLoadedEditorAssemblies (233ms)
				LogAssemblyErrors (0ms)
				InitializePlatformSupportModulesInManaged (11ms)
				SetLoadedEditorAssemblies (0ms)
				RefreshPlugins (0ms)
				BeforeProcessingInitializeOnLoad (49ms)
				ProcessInitializeOnLoadAttributes (146ms)
				ProcessInitializeOnLoadMethodAttributes (20ms)
				AfterProcessingInitializeOnLoad (6ms)
				EditorAssembliesLoaded (0ms)
			ExecutionOrderSort2 (0ms)
			AwakeInstancesAfterBackupRestoration (9ms)
Platform modules already initialized, skipping
Refreshing native plugins compatible for Editor in 1.34 ms, found 3 plugins.
Preloading 0 native plugins for Editor in 0.00 ms.
Unloading 3357 Unused Serialized files (Serialized files now loaded: 0)
Unloading 17 unused Assets / (24.7 KB). Loaded Objects now: 3910.
Memory consumption went from 121.7 MB to 121.6 MB.
Total: 2.194600 ms (FindLiveObjects: 0.200900 ms CreateObjectMapping: 0.087400 ms MarkObjects: 1.890900 ms  DeleteObjects: 0.014400 ms)

AssetImportParameters requested are different than current active one (requested -> active):
  custom:video-decoder-ogg-theora: a1e56fd34408186e4bbccfd4996cb3dc -> 
  custom:container-muxer-webm: aa71ff27fc2769a1b78a27578f13a17b -> 
  custom:container-demuxer-webm: 4f35f7cbe854078d1ac9338744f61a02 -> 
  custom:video-encoder-webm-vp8: eb34c28f22e8b96e1ab97ce403110664 -> 
  custom:audio-encoder-webm-vorbis: bf7c407c2cedff20999df2af8eb42d56 -> 
  custom:framework-win-MediaFoundation: 216162199b28c13a410421893ffa2e32 -> 
  custom:container-demuxer-ogg: 62fdf1f143b41e24485cea50d1cbac27 -> 
  custom:video-decoder-webm-vp8: 9c59270c3fd7afecdb556c50c9e8de78 -> 
  custom:audio-decoder-ogg-vorbis: bf7c407c2cedff20999df2af8eb42d56 -> 
========================================================================
Received Prepare
Registering precompiled user dll's ...
Registered in 0.005519 seconds.
Begin MonoManager ReloadAssembly
Symbol file LoadedFromMemory doesn't match image C:\2048SHOOT\My2048SHOOT\Library\PackageCache\com.unity.visualscripting@1.7.6\Editor\VisualScripting.Core\Dependencies\YamlDotNet\Unity.VisualScripting.YamlDotNet.dll
Symbol file LoadedFromMemory doesn't match image C:\2048SHOOT\My2048SHOOT\Library\PackageCache\com.unity.visualscripting@1.7.6\Editor\VisualScripting.Core\Dependencies\DotNetZip\Unity.VisualScripting.IonicZip.dll
Native extension for WindowsStandalone target not found
Refreshing native plugins compatible for Editor in 0.42 ms, found 3 plugins.
Preloading 0 native plugins for Editor in 0.00 ms.
Mono: successfully reloaded assembly
- Completed reload, in  0.747 seconds
Domain Reload Profiling:
	ReloadAssembly (748ms)
		BeginReloadAssembly (104ms)
			ExecutionOrderSort (0ms)
			DisableScriptedObjects (4ms)
			BackupInstance (0ms)
			ReleaseScriptingObjects (0ms)
			CreateAndSetChildDomain (25ms)
		EndReloadAssembly (566ms)
			LoadAssemblies (76ms)
			RebuildTransferFunctionScriptingTraits (0ms)
			SetupTypeCache (180ms)
			ReleaseScriptCaches (1ms)
			RebuildScriptCaches (33ms)
			SetupLoadedEditorAssemblies (243ms)
				LogAssemblyErrors (0ms)
				InitializePlatformSupportModulesInManaged (9ms)
				SetLoadedEditorAssemblies (0ms)
				RefreshPlugins (0ms)
				BeforeProcessingInitializeOnLoad (50ms)
				ProcessInitializeOnLoadAttributes (151ms)
				ProcessInitializeOnLoadMethodAttributes (22ms)
				AfterProcessingInitializeOnLoad (9ms)
				EditorAssembliesLoaded (0ms)
			ExecutionOrderSort2 (0ms)
			AwakeInstancesAfterBackupRestoration (10ms)
Platform modules already initialized, skipping
Refreshing native plugins compatible for Editor in 1.24 ms, found 3 plugins.
Preloading 0 native plugins for Editor in 0.00 ms.
Unloading 3357 Unused Serialized files (Serialized files now loaded: 0)
Unloading 17 unused Assets / (24.6 KB). Loaded Objects now: 3913.
Memory consumption went from 121.7 MB to 121.6 MB.
Total: 2.136400 ms (FindLiveObjects: 0.164400 ms CreateObjectMapping: 0.075300 ms MarkObjects: 1.883100 ms  DeleteObjects: 0.012900 ms)

AssetImportParameters requested are different than current active one (requested -> active):
  custom:video-decoder-ogg-theora: a1e56fd34408186e4bbccfd4996cb3dc -> 
  custom:container-muxer-webm: aa71ff27fc2769a1b78a27578f13a17b -> 
  custom:container-demuxer-webm: 4f35f7cbe854078d1ac9338744f61a02 -> 
  custom:video-encoder-webm-vp8: eb34c28f22e8b96e1ab97ce403110664 -> 
  custom:audio-encoder-webm-vorbis: bf7c407c2cedff20999df2af8eb42d56 -> 
  custom:framework-win-MediaFoundation: 216162199b28c13a410421893ffa2e32 -> 
  custom:container-demuxer-ogg: 62fdf1f143b41e24485cea50d1cbac27 -> 
  custom:video-decoder-webm-vp8: 9c59270c3fd7afecdb556c50c9e8de78 -> 
  custom:audio-decoder-ogg-vorbis: bf7c407c2cedff20999df2af8eb42d56 -> 
========================================================================
Received Prepare
Registering precompiled user dll's ...
Registered in 0.004002 seconds.
Begin MonoManager ReloadAssembly
Symbol file LoadedFromMemory doesn't match image C:\2048SHOOT\My2048SHOOT\Library\PackageCache\com.unity.visualscripting@1.7.6\Editor\VisualScripting.Core\Dependencies\YamlDotNet\Unity.VisualScripting.YamlDotNet.dll
Symbol file LoadedFromMemory doesn't match image C:\2048SHOOT\My2048SHOOT\Library\PackageCache\com.unity.visualscripting@1.7.6\Editor\VisualScripting.Core\Dependencies\DotNetZip\Unity.VisualScripting.IonicZip.dll
Native extension for WindowsStandalone target not found
Refreshing native plugins compatible for Editor in 0.62 ms, found 3 plugins.
Preloading 0 native plugins for Editor in 0.00 ms.
Mono: successfully reloaded assembly
- Completed reload, in  0.745 seconds
Domain Reload Profiling:
	ReloadAssembly (746ms)
		BeginReloadAssembly (108ms)
			ExecutionOrderSort (0ms)
			DisableScriptedObjects (3ms)
			BackupInstance (0ms)
			ReleaseScriptingObjects (0ms)
			CreateAndSetChildDomain (27ms)
		EndReloadAssembly (569ms)
			LoadAssemblies (66ms)
			RebuildTransferFunctionScriptingTraits (0ms)
			SetupTypeCache (176ms)
			ReleaseScriptCaches (1ms)
			RebuildScriptCaches (32ms)
			SetupLoadedEditorAssemblies (256ms)
				LogAssemblyErrors (0ms)
				InitializePlatformSupportModulesInManaged (11ms)
				SetLoadedEditorAssemblies (0ms)
				RefreshPlugins (1ms)
				BeforeProcessingInitializeOnLoad (54ms)
				ProcessInitializeOnLoadAttributes (161ms)
				ProcessInitializeOnLoadMethodAttributes (23ms)
				AfterProcessingInitializeOnLoad (7ms)
				EditorAssembliesLoaded (0ms)
			ExecutionOrderSort2 (0ms)
			AwakeInstancesAfterBackupRestoration (10ms)
Platform modules already initialized, skipping
Refreshing native plugins compatible for Editor in 1.69 ms, found 3 plugins.
Preloading 0 native plugins for Editor in 0.00 ms.
Unloading 3357 Unused Serialized files (Serialized files now loaded: 0)
Unloading 17 unused Assets / (24.6 KB). Loaded Objects now: 3916.
Memory consumption went from 121.7 MB to 121.6 MB.
Total: 2.484200 ms (FindLiveObjects: 0.196500 ms CreateObjectMapping: 0.104800 ms MarkObjects: 2.158400 ms  DeleteObjects: 0.021800 ms)

AssetImportParameters requested are different than current active one (requested -> active):
  custom:video-decoder-ogg-theora: a1e56fd34408186e4bbccfd4996cb3dc -> 
  custom:container-muxer-webm: aa71ff27fc2769a1b78a27578f13a17b -> 
  custom:container-demuxer-webm: 4f35f7cbe854078d1ac9338744f61a02 -> 
  custom:video-encoder-webm-vp8: eb34c28f22e8b96e1ab97ce403110664 -> 
  custom:audio-encoder-webm-vorbis: bf7c407c2cedff20999df2af8eb42d56 -> 
  custom:framework-win-MediaFoundation: 216162199b28c13a410421893ffa2e32 -> 
  custom:container-demuxer-ogg: 62fdf1f143b41e24485cea50d1cbac27 -> 
  custom:video-decoder-webm-vp8: 9c59270c3fd7afecdb556c50c9e8de78 -> 
  custom:audio-decoder-ogg-vorbis: bf7c407c2cedff20999df2af8eb42d56 -> 
========================================================================
Received Prepare
Registering precompiled user dll's ...
Registered in 0.003915 seconds.
Begin MonoManager ReloadAssembly
Symbol file LoadedFromMemory doesn't match image C:\2048SHOOT\My2048SHOOT\Library\PackageCache\com.unity.visualscripting@1.7.6\Editor\VisualScripting.Core\Dependencies\YamlDotNet\Unity.VisualScripting.YamlDotNet.dll
Symbol file LoadedFromMemory doesn't match image C:\2048SHOOT\My2048SHOOT\Library\PackageCache\com.unity.visualscripting@1.7.6\Editor\VisualScripting.Core\Dependencies\DotNetZip\Unity.VisualScripting.IonicZip.dll
Native extension for WindowsStandalone target not found
Refreshing native plugins compatible for Editor in 0.43 ms, found 3 plugins.
Preloading 0 native plugins for Editor in 0.00 ms.
Mono: successfully reloaded assembly
- Completed reload, in  0.751 seconds
Domain Reload Profiling:
	ReloadAssembly (751ms)
		BeginReloadAssembly (117ms)
			ExecutionOrderSort (0ms)
			DisableScriptedObjects (4ms)
			BackupInstance (0ms)
			ReleaseScriptingObjects (0ms)
			CreateAndSetChildDomain (28ms)
		EndReloadAssembly (553ms)
			LoadAssemblies (79ms)
			RebuildTransferFunctionScriptingTraits (0ms)
			SetupTypeCache (184ms)
			ReleaseScriptCaches (1ms)
			RebuildScriptCaches (29ms)
			SetupLoadedEditorAssemblies (239ms)
				LogAssemblyErrors (0ms)
				InitializePlatformSupportModulesInManaged (10ms)
				SetLoadedEditorAssemblies (0ms)
				RefreshPlugins (0ms)
				BeforeProcessingInitializeOnLoad (47ms)
				ProcessInitializeOnLoadAttributes (152ms)
				ProcessInitializeOnLoadMethodAttributes (21ms)
				AfterProcessingInitializeOnLoad (7ms)
				EditorAssembliesLoaded (0ms)
			ExecutionOrderSort2 (0ms)
			AwakeInstancesAfterBackupRestoration (9ms)
Platform modules already initialized, skipping
Refreshing native plugins compatible for Editor in 1.61 ms, found 3 plugins.
Preloading 0 native plugins for Editor in 0.00 ms.
Unloading 3357 Unused Serialized files (Serialized files now loaded: 0)
Unloading 17 unused Assets / (24.7 KB). Loaded Objects now: 3919.
Memory consumption went from 121.7 MB to 121.7 MB.
Total: 2.191100 ms (FindLiveObjects: 0.192800 ms CreateObjectMapping: 0.090500 ms MarkObjects: 1.890200 ms  DeleteObjects: 0.016500 ms)

AssetImportParameters requested are different than current active one (requested -> active):
  custom:video-decoder-ogg-theora: a1e56fd34408186e4bbccfd4996cb3dc -> 
  custom:container-muxer-webm: aa71ff27fc2769a1b78a27578f13a17b -> 
  custom:container-demuxer-webm: 4f35f7cbe854078d1ac9338744f61a02 -> 
  custom:video-encoder-webm-vp8: eb34c28f22e8b96e1ab97ce403110664 -> 
  custom:audio-encoder-webm-vorbis: bf7c407c2cedff20999df2af8eb42d56 -> 
  custom:framework-win-MediaFoundation: 216162199b28c13a410421893ffa2e32 -> 
  custom:container-demuxer-ogg: 62fdf1f143b41e24485cea50d1cbac27 -> 
  custom:video-decoder-webm-vp8: 9c59270c3fd7afecdb556c50c9e8de78 -> 
  custom:audio-decoder-ogg-vorbis: bf7c407c2cedff20999df2af8eb42d56 -> 
========================================================================
Received Prepare
Registering precompiled user dll's ...
Registered in 0.004179 seconds.
Begin MonoManager ReloadAssembly
Symbol file LoadedFromMemory doesn't match image C:\2048SHOOT\My2048SHOOT\Library\PackageCache\com.unity.visualscripting@1.7.6\Editor\VisualScripting.Core\Dependencies\YamlDotNet\Unity.VisualScripting.YamlDotNet.dll
Symbol file LoadedFromMemory doesn't match image C:\2048SHOOT\My2048SHOOT\Library\PackageCache\com.unity.visualscripting@1.7.6\Editor\VisualScripting.Core\Dependencies\DotNetZip\Unity.VisualScripting.IonicZip.dll
Native extension for WindowsStandalone target not found
Refreshing native plugins compatible for Editor in 0.44 ms, found 3 plugins.
Preloading 0 native plugins for Editor in 0.00 ms.
Mono: successfully reloaded assembly
- Completed reload, in  0.748 seconds
Domain Reload Profiling:
	ReloadAssembly (749ms)
		BeginReloadAssembly (114ms)
			ExecutionOrderSort (0ms)
			DisableScriptedObjects (4ms)
			BackupInstance (0ms)
			ReleaseScriptingObjects (0ms)
			CreateAndSetChildDomain (28ms)
		EndReloadAssembly (556ms)
			LoadAssemblies (75ms)
			RebuildTransferFunctionScriptingTraits (0ms)
			SetupTypeCache (182ms)
			ReleaseScriptCaches (1ms)
			RebuildScriptCaches (28ms)
			SetupLoadedEditorAssemblies (243ms)
				LogAssemblyErrors (0ms)
				InitializePlatformSupportModulesInManaged (12ms)
				SetLoadedEditorAssemblies (0ms)
				RefreshPlugins (1ms)
				BeforeProcessingInitializeOnLoad (48ms)
				ProcessInitializeOnLoadAttributes (155ms)
				ProcessInitializeOnLoadMethodAttributes (21ms)
				AfterProcessingInitializeOnLoad (6ms)
				EditorAssembliesLoaded (0ms)
			ExecutionOrderSort2 (0ms)
			AwakeInstancesAfterBackupRestoration (9ms)
Platform modules already initialized, skipping
Refreshing native plugins compatible for Editor in 1.42 ms, found 3 plugins.
Preloading 0 native plugins for Editor in 0.00 ms.
Unloading 3357 Unused Serialized files (Serialized files now loaded: 0)
Unloading 17 unused Assets / (24.7 KB). Loaded Objects now: 3922.
Memory consumption went from 121.7 MB to 121.7 MB.
Total: 2.236300 ms (FindLiveObjects: 0.202100 ms CreateObjectMapping: 0.090700 ms MarkObjects: 1.927000 ms  DeleteObjects: 0.015500 ms)

AssetImportParameters requested are different than current active one (requested -> active):
  custom:video-decoder-ogg-theora: a1e56fd34408186e4bbccfd4996cb3dc -> 
  custom:container-muxer-webm: aa71ff27fc2769a1b78a27578f13a17b -> 
  custom:container-demuxer-webm: 4f35f7cbe854078d1ac9338744f61a02 -> 
  custom:video-encoder-webm-vp8: eb34c28f22e8b96e1ab97ce403110664 -> 
  custom:audio-encoder-webm-vorbis: bf7c407c2cedff20999df2af8eb42d56 -> 
  custom:framework-win-MediaFoundation: 216162199b28c13a410421893ffa2e32 -> 
  custom:container-demuxer-ogg: 62fdf1f143b41e24485cea50d1cbac27 -> 
  custom:video-decoder-webm-vp8: 9c59270c3fd7afecdb556c50c9e8de78 -> 
  custom:audio-decoder-ogg-vorbis: bf7c407c2cedff20999df2af8eb42d56 -> 
========================================================================
Received Import Request.
  Time since last request: 613.430086 seconds.
  path: Assets/Prefeb/16.prefab
  artifactKey: Guid(752bb67842a7a914985b0b4b84e2cb54) Importer(815301076,1909f56bfc062723c751e8b465ee728b)
Start importing Assets/Prefeb/16.prefab using Guid(752bb67842a7a914985b0b4b84e2cb54) Importer(815301076,1909f56bfc062723c751e8b465ee728b)  -> (artifact id: 'efc05006ff9adc110c91caed4a280bf0') in 0.056585 seconds 
========================================================================
Received Prepare
Registering precompiled user dll's ...
Registered in 0.004638 seconds.
Begin MonoManager ReloadAssembly
Symbol file LoadedFromMemory doesn't match image C:\2048SHOOT\My2048SHOOT\Library\PackageCache\com.unity.visualscripting@1.7.6\Editor\VisualScripting.Core\Dependencies\YamlDotNet\Unity.VisualScripting.YamlDotNet.dll
Symbol file LoadedFromMemory doesn't match image C:\2048SHOOT\My2048SHOOT\Library\PackageCache\com.unity.visualscripting@1.7.6\Editor\VisualScripting.Core\Dependencies\DotNetZip\Unity.VisualScripting.IonicZip.dll
Native extension for WindowsStandalone target not found
Refreshing native plugins compatible for Editor in 0.42 ms, found 3 plugins.
Preloading 0 native plugins for Editor in 0.00 ms.
Mono: successfully reloaded assembly
- Completed reload, in  0.693 seconds
Domain Reload Profiling:
	ReloadAssembly (694ms)
		BeginReloadAssembly (104ms)
			ExecutionOrderSort (0ms)
			DisableScriptedObjects (3ms)
			BackupInstance (0ms)
			ReleaseScriptingObjects (0ms)
			CreateAndSetChildDomain (29ms)
		EndReloadAssembly (521ms)
			LoadAssemblies (63ms)
			RebuildTransferFunctionScriptingTraits (0ms)
			SetupTypeCache (167ms)
			ReleaseScriptCaches (1ms)
			RebuildScriptCaches (25ms)
			SetupLoadedEditorAssemblies (238ms)
				LogAssemblyErrors (0ms)
				InitializePlatformSupportModulesInManaged (9ms)
				SetLoadedEditorAssemblies (0ms)
				RefreshPlugins (0ms)
				BeforeProcessingInitializeOnLoad (45ms)
				ProcessInitializeOnLoadAttributes (152ms)
				ProcessInitializeOnLoadMethodAttributes (24ms)
				AfterProcessingInitializeOnLoad (6ms)
				EditorAssembliesLoaded (0ms)
			ExecutionOrderSort2 (0ms)
			AwakeInstancesAfterBackupRestoration (9ms)
Platform modules already initialized, skipping
Refreshing native plugins compatible for Editor in 1.77 ms, found 3 plugins.
Preloading 0 native plugins for Editor in 0.00 ms.
Unloading 3357 Unused Serialized files (Serialized files now loaded: 0)
Unloading 17 unused Assets / (24.7 KB). Loaded Objects now: 3925.
Memory consumption went from 121.7 MB to 121.7 MB.
Total: 2.394900 ms (FindLiveObjects: 0.174800 ms CreateObjectMapping: 0.079800 ms MarkObjects: 2.123500 ms  DeleteObjects: 0.015900 ms)

AssetImportParameters requested are different than current active one (requested -> active):
  custom:video-decoder-ogg-theora: a1e56fd34408186e4bbccfd4996cb3dc -> 
  custom:container-muxer-webm: aa71ff27fc2769a1b78a27578f13a17b -> 
  custom:container-demuxer-webm: 4f35f7cbe854078d1ac9338744f61a02 -> 
  custom:video-encoder-webm-vp8: eb34c28f22e8b96e1ab97ce403110664 -> 
  custom:audio-encoder-webm-vorbis: bf7c407c2cedff20999df2af8eb42d56 -> 
  custom:framework-win-MediaFoundation: 216162199b28c13a410421893ffa2e32 -> 
  custom:container-demuxer-ogg: 62fdf1f143b41e24485cea50d1cbac27 -> 
  custom:video-decoder-webm-vp8: 9c59270c3fd7afecdb556c50c9e8de78 -> 
  custom:audio-decoder-ogg-vorbis: bf7c407c2cedff20999df2af8eb42d56 -> 
